This file contains any messages produced by compilers while
running configure, to aid debugging if configure makes a mistake.

It was created by elfutils configure 0.176, which was
generated by GNU Autoconf 2.69.  Invocation command line was

  $ /home/liuweijie/dyninst4sgxminidep/dyninst-build/elfutils/src/LibElf/configure --enable-install-elfh --enable-shared --prefix=/home/liuweijie/dyninst4sgxminidep/dyninst-build/elfutils

## --------- ##
## Platform. ##
## --------- ##

hostname = liuweijie-ThinkPad-11e-3rd-Gen
uname -m = x86_64
uname -r = 4.15.0-50-generic
uname -s = Linux
uname -v = #54-Ubuntu SMP Mon May 6 18:46:08 UTC 2019

/usr/bin/uname -p = unknown
/bin/uname -X     = unknown

/bin/arch              = unknown
/usr/bin/arch -k       = unknown
/usr/convex/getsysinfo = unknown
/usr/bin/hostinfo      = unknown
/bin/machine           = unknown
/usr/bin/oslevel       = unknown
/bin/universe          = unknown

PATH: /home/liuweijie/.local/bin
PATH: /usr/local/sbin
PATH: /usr/local/bin
PATH: /usr/sbin
PATH: /usr/bin
PATH: /sbin
PATH: /bin
PATH: /usr/games
PATH: /usr/local/games
PATH: /snap/bin


## ----------- ##
## Core tests. ##
## ----------- ##

configure:2500: No --program-prefix given, using "eu-"
configure:2559: checking for a BSD-compatible install
configure:2627: result: /usr/bin/install -c
configure:2638: checking whether build environment is sane
configure:2693: result: yes
configure:2844: checking for a thread-safe mkdir -p
configure:2883: result: /bin/mkdir -p
configure:2890: checking for gawk
configure:2920: result: no
configure:2890: checking for mawk
configure:2906: found /usr/bin/mawk
configure:2917: result: mawk
configure:2928: checking whether make sets $(MAKE)
configure:2950: result: yes
configure:2979: checking whether make supports nested variables
configure:2996: result: yes
configure:3123: checking whether to enable maintainer-specific portions of Makefiles
configure:3132: result: no
configure:3157: checking whether make supports nested variables
configure:3174: result: yes
configure:3204: checking build system type
configure:3218: result: x86_64-pc-linux-gnu
configure:3238: checking host system type
configure:3251: result: x86_64-pc-linux-gnu
configure:3364: checking for gcc
configure:3380: found /usr/bin/gcc
configure:3391: result: gcc
configure:3620: checking for C compiler version
configure:3629: gcc --version >&5
gcc (Ubuntu 7.3.0-27ubuntu1~18.04) 7.3.0
Copyright (C) 2017 Free Software Foundation, Inc.
This is free software; see the source for copying conditions.  There is NO
warranty; not even for MERCHANTABILITY or FITNESS FOR A PARTICULAR PURPOSE.

configure:3640: $? = 0
configure:3629: gcc -v >&5
Using built-in specs.
COLLECT_GCC=gcc
COLLECT_LTO_WRAPPER=/usr/lib/gcc/x86_64-linux-gnu/7/lto-wrapper
OFFLOAD_TARGET_NAMES=nvptx-none
OFFLOAD_TARGET_DEFAULT=1
Target: x86_64-linux-gnu
Configured with: ../src/configure -v --with-pkgversion='Ubuntu 7.3.0-27ubuntu1~18.04' --with-bugurl=file:///usr/share/doc/gcc-7/README.Bugs --enable-languages=c,ada,c++,go,brig,d,fortran,objc,obj-c++ --prefix=/usr --with-gcc-major-version-only --program-suffix=-7 --program-prefix=x86_64-linux-gnu- --enable-shared --enable-linker-build-id --libexecdir=/usr/lib --without-included-gettext --enable-threads=posix --libdir=/usr/lib --enable-nls --with-sysroot=/ --enable-clocale=gnu --enable-libstdcxx-debug --enable-libstdcxx-time=yes --with-default-libstdcxx-abi=new --enable-gnu-unique-object --disable-vtable-verify --enable-libmpx --enable-plugin --enable-default-pie --with-system-zlib --with-target-system-zlib --enable-objc-gc=auto --enable-multiarch --disable-werror --with-arch-32=i686 --with-abi=m64 --with-multilib-list=m32,m64,mx32 --enable-multilib --with-tune=generic --enable-offload-targets=nvptx-none --without-cuda-driver --enable-checking=release --build=x86_64-linux-gnu --host=x86_64-linux-gnu --target=x86_64-linux-gnu
Thread model: posix
gcc version 7.3.0 (Ubuntu 7.3.0-27ubuntu1~18.04) 
configure:3640: $? = 0
configure:3629: gcc -V >&5
gcc: error: unrecognized command line option '-V'
gcc: fatal error: no input files
compilation terminated.
configure:3640: $? = 1
configure:3629: gcc -qversion >&5
gcc: error: unrecognized command line option '-qversion'; did you mean '--version'?
gcc: fatal error: no input files
compilation terminated.
configure:3640: $? = 1
configure:3660: checking whether the C compiler works
configure:3682: gcc -g   conftest.c  >&5
configure:3686: $? = 0
configure:3734: result: yes
configure:3737: checking for C compiler default output file name
configure:3739: result: a.out
configure:3745: checking for suffix of executables
configure:3752: gcc -o conftest -g   conftest.c  >&5
configure:3756: $? = 0
configure:3778: result: 
configure:3800: checking whether we are cross compiling
configure:3808: gcc -o conftest -g   conftest.c  >&5
configure:3812: $? = 0
configure:3819: ./conftest
configure:3823: $? = 0
configure:3838: result: no
configure:3843: checking for suffix of object files
configure:3865: gcc -c -g  conftest.c >&5
configure:3869: $? = 0
configure:3890: result: o
configure:3894: checking whether we are using the GNU C compiler
configure:3913: gcc -c -g  conftest.c >&5
configure:3913: $? = 0
configure:3922: result: yes
configure:3931: checking whether gcc accepts -g
configure:3951: gcc -c -g  conftest.c >&5
configure:3951: $? = 0
configure:3992: result: yes
configure:4009: checking for gcc option to accept ISO C89
configure:4072: gcc  -c -g  conftest.c >&5
configure:4072: $? = 0
configure:4085: result: none needed
configure:4110: checking whether gcc understands -c and -o together
configure:4132: gcc -c conftest.c -o conftest2.o
configure:4135: $? = 0
configure:4132: gcc -c conftest.c -o conftest2.o
configure:4135: $? = 0
configure:4147: result: yes
configure:4167: checking whether make supports the include directive
configure:4182: make -f confmf.GNU && cat confinc.out
make[3]: Entering directory '/home/liuweijie/dyninst4sgxminidep/dyninst-build/elfutils/src/LibElf-build'
make[3]: Leaving directory '/home/liuweijie/dyninst4sgxminidep/dyninst-build/elfutils/src/LibElf-build'
this is the am__doit target
configure:4185: $? = 0
configure:4204: result: yes (GNU style)
configure:4229: checking dependency style of gcc
configure:4340: result: gcc3
configure:4398: checking for ranlib
configure:4414: found /usr/bin/ranlib
configure:4425: result: ranlib
configure:4451: checking for bison
configure:4481: result: no
configure:4451: checking for byacc
configure:4481: result: no
configure:4495: checking for flex
configure:4525: result: no
configure:4495: checking for lex
configure:4525: result: no
configure:4703: checking for ar
configure:4719: found /usr/bin/ar
configure:4730: result: ar
configure:4756: checking the archiver (ar) interface
configure:4772: gcc -c -g  conftest.c >&5
configure:4772: $? = 0
configure:4774: ar cru libconftest.a conftest.o >&5
ar: `u' modifier ignored since `D' is the default (see `U')
configure:4777: $? = 0
configure:4805: result: ar
configure:4868: checking for readelf
configure:4884: found /usr/bin/readelf
configure:4895: result: readelf
configure:4960: checking for nm
configure:4976: found /usr/bin/nm
configure:4987: result: nm
configure:5019: checking for gcc with GNU99 support
configure:5044: gcc -c -g -std=gnu99  conftest.c >&5
configure:5044: $? = 0
configure:5052: result: yes
configure:5058: checking whether gcc supports __attribute__((visibility()))
configure:5073: gcc -c -g -Werror  conftest.c >&5
configure:5073: $? = 0
configure:5081: result: yes
configure:5089: checking whether gcc supports __attribute__((gcc_struct))
configure:5101: gcc -c -g -Werror  conftest.c >&5
configure:5101: $? = 0
configure:5109: result: yes
configure:5117: checking whether gcc supports -fPIC
configure:5128: gcc -c -g -fPIC -Werror  conftest.c >&5
configure:5128: $? = 0
configure:5137: result: yes
configure:5146: checking whether gcc supports -fPIE
configure:5157: gcc -c -g -fPIE -Werror  conftest.c >&5
configure:5157: $? = 0
configure:5166: result: yes
configure:5178: checking whether gcc supports -Wl,-z,defs
configure:5196: gcc -o conftest -g  -Wl,-z,defs  conftest.c  >&5
configure:5196: $? = 0
configure:5206: result: yes
configure:5213: checking whether gcc supports -Wl,-z,relro
configure:5231: gcc -o conftest -g  -Wl,-z,relro  conftest.c  >&5
configure:5231: $? = 0
configure:5241: result: yes
configure:5249: checking for __thread support
configure:5273: gcc -o conftest -fPIC -g  -shared -Wl,-z,defs -Wl,-z,relro  conftest.c  >&5
configure:5273: $? = 0
configure:5283: result: yes
configure:5296: checking for special C compiler options needed for large files
configure:5341: result: no
configure:5347: checking for _FILE_OFFSET_BITS value needed for large files
configure:5372: gcc -c -g  conftest.c >&5
configure:5372: $? = 0
configure:5404: result: no
configure:5490: checking whether fts.h is bad when included (with LFS)
configure:5499: gcc -c -g  conftest.c >&5
configure:5499: $? = 0
configure:5506: result: no
configure:5515: checking whether to add -D_FORTIFY_SOURCE=2 to CFLAGS
configure:5532: gcc -c -D_FORTIFY_SOURCE=2 -Werror -g  conftest.c >&5
configure:5532: $? = 0
configure:5533: result: yes
configure:5765: checking for library containing gzdirect
configure:5796: gcc -o conftest -D_FORTIFY_SOURCE=2 -g   conftest.c  >&5
/tmp/cc225gqz.o: In function `main':
/home/liuweijie/dyninst4sgxminidep/dyninst-build/elfutils/src/LibElf-build/conftest.c:27: undefined reference to `gzdirect'
collect2: error: ld returned 1 exit status
configure:5796: $? = 1
configure: failed program was:
| /* confdefs.h */
| #define PACKAGE_NAME "elfutils"
| #define PACKAGE_TARNAME "elfutils"
| #define PACKAGE_VERSION "0.176"
| #define PACKAGE_STRING "elfutils 0.176"
| #define PACKAGE_BUGREPORT "https://sourceware.org/bugzilla"
| #define PACKAGE_URL "http://elfutils.org/"
| #define PACKAGE "elfutils"
| #define VERSION "0.176"
| #define DEFAULT_AR_DETERMINISTIC false
| #define HAVE_VISIBILITY 1
| #define HAVE_GCC_STRUCT 1
| #define CHECK_UNDEFINED 0
| #define LIBEBL_SUBDIR "elfutils"
| /* end confdefs.h.  */
| 
| /* Override any GCC internal prototype to avoid an error.
|    Use char because int might match the return type of a GCC
|    builtin and then its argument prototype would still apply.  */
| #ifdef __cplusplus
| extern "C"
| #endif
| char gzdirect ();
| int
| main ()
| {
| return gzdirect ();
|   ;
|   return 0;
| }
configure:5796: gcc -o conftest -D_FORTIFY_SOURCE=2 -g   conftest.c -lz   >&5
configure:5796: $? = 0
configure:5813: result: -lz
configure:5856: checking for library containing BZ2_bzdopen
configure:5887: gcc -o conftest -D_FORTIFY_SOURCE=2 -g   conftest.c  >&5
/tmp/ccopRnaJ.o: In function `main':
/home/liuweijie/dyninst4sgxminidep/dyninst-build/elfutils/src/LibElf-build/conftest.c:28: undefined reference to `BZ2_bzdopen'
collect2: error: ld returned 1 exit status
configure:5887: $? = 1
configure: failed program was:
| /* confdefs.h */
| #define PACKAGE_NAME "elfutils"
| #define PACKAGE_TARNAME "elfutils"
| #define PACKAGE_VERSION "0.176"
| #define PACKAGE_STRING "elfutils 0.176"
| #define PACKAGE_BUGREPORT "https://sourceware.org/bugzilla"
| #define PACKAGE_URL "http://elfutils.org/"
| #define PACKAGE "elfutils"
| #define VERSION "0.176"
| #define DEFAULT_AR_DETERMINISTIC false
| #define HAVE_VISIBILITY 1
| #define HAVE_GCC_STRUCT 1
| #define CHECK_UNDEFINED 0
| #define LIBEBL_SUBDIR "elfutils"
| #define USE_ZLIB 1
| /* end confdefs.h.  */
| 
| /* Override any GCC internal prototype to avoid an error.
|    Use char because int might match the return type of a GCC
|    builtin and then its argument prototype would still apply.  */
| #ifdef __cplusplus
| extern "C"
| #endif
| char BZ2_bzdopen ();
| int
| main ()
| {
| return BZ2_bzdopen ();
|   ;
|   return 0;
| }
configure:5887: gcc -o conftest -D_FORTIFY_SOURCE=2 -g   conftest.c -lbz2   >&5
/usr/bin/ld: cannot find -lbz2
collect2: error: ld returned 1 exit status
configure:5887: $? = 1
configure: failed program was:
| /* confdefs.h */
| #define PACKAGE_NAME "elfutils"
| #define PACKAGE_TARNAME "elfutils"
| #define PACKAGE_VERSION "0.176"
| #define PACKAGE_STRING "elfutils 0.176"
| #define PACKAGE_BUGREPORT "https://sourceware.org/bugzilla"
| #define PACKAGE_URL "http://elfutils.org/"
| #define PACKAGE "elfutils"
| #define VERSION "0.176"
| #define DEFAULT_AR_DETERMINISTIC false
| #define HAVE_VISIBILITY 1
| #define HAVE_GCC_STRUCT 1
| #define CHECK_UNDEFINED 0
| #define LIBEBL_SUBDIR "elfutils"
| #define USE_ZLIB 1
| /* end confdefs.h.  */
| 
| /* Override any GCC internal prototype to avoid an error.
|    Use char because int might match the return type of a GCC
|    builtin and then its argument prototype would still apply.  */
| #ifdef __cplusplus
| extern "C"
| #endif
| char BZ2_bzdopen ();
| int
| main ()
| {
| return BZ2_bzdopen ();
|   ;
|   return 0;
| }
configure:5904: result: no
configure:5943: checking for library containing lzma_auto_decoder
configure:5974: gcc -o conftest -D_FORTIFY_SOURCE=2 -g   conftest.c  >&5
/tmp/cccHJaYS.o: In function `main':
/home/liuweijie/dyninst4sgxminidep/dyninst-build/elfutils/src/LibElf-build/conftest.c:28: undefined reference to `lzma_auto_decoder'
collect2: error: ld returned 1 exit status
configure:5974: $? = 1
configure: failed program was:
| /* confdefs.h */
| #define PACKAGE_NAME "elfutils"
| #define PACKAGE_TARNAME "elfutils"
| #define PACKAGE_VERSION "0.176"
| #define PACKAGE_STRING "elfutils 0.176"
| #define PACKAGE_BUGREPORT "https://sourceware.org/bugzilla"
| #define PACKAGE_URL "http://elfutils.org/"
| #define PACKAGE "elfutils"
| #define VERSION "0.176"
| #define DEFAULT_AR_DETERMINISTIC false
| #define HAVE_VISIBILITY 1
| #define HAVE_GCC_STRUCT 1
| #define CHECK_UNDEFINED 0
| #define LIBEBL_SUBDIR "elfutils"
| #define USE_ZLIB 1
| /* end confdefs.h.  */
| 
| /* Override any GCC internal prototype to avoid an error.
|    Use char because int might match the return type of a GCC
|    builtin and then its argument prototype would still apply.  */
| #ifdef __cplusplus
| extern "C"
| #endif
| char lzma_auto_decoder ();
| int
| main ()
| {
| return lzma_auto_decoder ();
|   ;
|   return 0;
| }
configure:5974: gcc -o conftest -D_FORTIFY_SOURCE=2 -g   conftest.c -llzma   >&5
configure:5974: $? = 0
configure:5991: result: -llzma
configure:6028: checking whether memrchr is declared
configure:6028: gcc -c -D_FORTIFY_SOURCE=2 -g  conftest.c >&5
configure:6028: $? = 0
configure:6028: result: yes
configure:6040: checking whether rawmemchr is declared
configure:6040: gcc -c -D_FORTIFY_SOURCE=2 -g  conftest.c >&5
configure:6040: $? = 0
configure:6040: result: yes
configure:6053: checking whether powerof2 is declared
configure:6053: gcc -c -D_FORTIFY_SOURCE=2 -g  conftest.c >&5
configure:6053: $? = 0
configure:6053: result: yes
configure:6065: checking whether mempcpy is declared
configure:6065: gcc -c -D_FORTIFY_SOURCE=2 -g  conftest.c >&5
configure:6065: $? = 0
configure:6065: result: yes
configure:6081: checking for process_vm_readv
configure:6081: gcc -o conftest -D_FORTIFY_SOURCE=2 -g   conftest.c  >&5
configure:6081: $? = 0
configure:6081: result: yes
configure:6091: checking for __cxa_demangle in -lstdc++
configure:6116: gcc -o conftest -D_FORTIFY_SOURCE=2 -g   conftest.c -lstdc++   >&5
configure:6116: $? = 0
configure:6125: result: yes
configure:6172: checking whether symbol versioning is supported
configure:6185: gcc -c -D_FORTIFY_SOURCE=2 -g  conftest.c >&5
configure:6185: $? = 0
configure:6192: result: yes
configure:6217: checking whether gcc accepts -Wstack-usage
configure:6228: gcc -c -D_FORTIFY_SOURCE=2 -g -Wstack-usage=262144 -Werror  conftest.c >&5
configure:6228: $? = 0
configure:6236: result: yes
configure:6248: checking whether gcc has a sane -Wlogical-op
configure:6260: gcc -c -D_FORTIFY_SOURCE=2 -g -Wlogical-op -Werror  conftest.c >&5
configure:6260: $? = 0
configure:6268: result: yes
configure:6280: checking whether gcc accepts -Wduplicated-cond
configure:6291: gcc -c -D_FORTIFY_SOURCE=2 -g -Wduplicated-cond -Werror  conftest.c >&5
configure:6291: $? = 0
configure:6299: result: yes
configure:6311: checking whether gcc accepts -Wnull-dereference
configure:6322: gcc -c -D_FORTIFY_SOURCE=2 -g -Wnull-dereference -Werror  conftest.c >&5
configure:6322: $? = 0
configure:6330: result: yes
configure:6342: checking whether gcc accepts -Wimplicit-fallthrough
configure:6353: gcc -c -D_FORTIFY_SOURCE=2 -g -Wimplicit-fallthrough -Werror  conftest.c >&5
configure:6353: $? = 0
configure:6361: result: yes
configure:6391: gcc -o conftest -D_FORTIFY_SOURCE=2 -g   conftest.c  >&5
configure:6391: $? = 0
configure:6513: checking whether NLS is requested
configure:6522: result: yes
configure:6563: checking for msgfmt
configure: trying /usr/bin/msgfmt...
0 translated messages.
configure:6595: result: /usr/bin/msgfmt
configure:6604: checking for gmsgfmt
configure:6635: result: /usr/bin/msgfmt
configure:6686: checking for xgettext
configure: trying /usr/bin/xgettext...
/usr/bin/xgettext: warning: file '/dev/null' extension '' is unknown; will try C
configure:6718: result: /usr/bin/xgettext
configure:6764: checking for msgmerge
configure: trying /usr/bin/msgmerge...
configure:6795: result: /usr/bin/msgmerge
configure:6865: checking how to run the C preprocessor
configure:6896: gcc -E  conftest.c
configure:6896: $? = 0
configure:6910: gcc -E  conftest.c
conftest.c:26:10: fatal error: ac_nonexistent.h: No such file or directory
 #include <ac_nonexistent.h>
          ^~~~~~~~~~~~~~~~~~
compilation terminated.
configure:6910: $? = 1
configure: failed program was:
| /* confdefs.h */
| #define PACKAGE_NAME "elfutils"
| #define PACKAGE_TARNAME "elfutils"
| #define PACKAGE_VERSION "0.176"
| #define PACKAGE_STRING "elfutils 0.176"
| #define PACKAGE_BUGREPORT "https://sourceware.org/bugzilla"
| #define PACKAGE_URL "http://elfutils.org/"
| #define PACKAGE "elfutils"
| #define VERSION "0.176"
| #define DEFAULT_AR_DETERMINISTIC false
| #define HAVE_VISIBILITY 1
| #define HAVE_GCC_STRUCT 1
| #define CHECK_UNDEFINED 0
| #define LIBEBL_SUBDIR "elfutils"
| #define USE_ZLIB 1
| #define USE_LZMA 1
| #define HAVE_DECL_MEMRCHR 1
| #define HAVE_DECL_RAWMEMCHR 1
| #define HAVE_DECL_POWEROF2 1
| #define HAVE_DECL_MEMPCPY 1
| #define HAVE_PROCESS_VM_READV 1
| #define USE_DEMANGLE 1
| #define HAVE_FALLTHROUGH 1
| #define MODVERSION "Build for elfutils 176 x86_64-pc-linux-gnu"
| /* end confdefs.h.  */
| #include <ac_nonexistent.h>
configure:6935: result: gcc -E
configure:6955: gcc -E  conftest.c
configure:6955: $? = 0
configure:6969: gcc -E  conftest.c
conftest.c:26:10: fatal error: ac_nonexistent.h: No such file or directory
 #include <ac_nonexistent.h>
          ^~~~~~~~~~~~~~~~~~
compilation terminated.
configure:6969: $? = 1
configure: failed program was:
| /* confdefs.h */
| #define PACKAGE_NAME "elfutils"
| #define PACKAGE_TARNAME "elfutils"
| #define PACKAGE_VERSION "0.176"
| #define PACKAGE_STRING "elfutils 0.176"
| #define PACKAGE_BUGREPORT "https://sourceware.org/bugzilla"
| #define PACKAGE_URL "http://elfutils.org/"
| #define PACKAGE "elfutils"
| #define VERSION "0.176"
| #define DEFAULT_AR_DETERMINISTIC false
| #define HAVE_VISIBILITY 1
| #define HAVE_GCC_STRUCT 1
| #define CHECK_UNDEFINED 0
| #define LIBEBL_SUBDIR "elfutils"
| #define USE_ZLIB 1
| #define USE_LZMA 1
| #define HAVE_DECL_MEMRCHR 1
| #define HAVE_DECL_RAWMEMCHR 1
| #define HAVE_DECL_POWEROF2 1
| #define HAVE_DECL_MEMPCPY 1
| #define HAVE_PROCESS_VM_READV 1
| #define USE_DEMANGLE 1
| #define HAVE_FALLTHROUGH 1
| #define MODVERSION "Build for elfutils 176 x86_64-pc-linux-gnu"
| /* end confdefs.h.  */
| #include <ac_nonexistent.h>
configure:6998: checking for grep that handles long lines and -e
configure:7056: result: /bin/grep
configure:7061: checking for egrep
configure:7123: result: /bin/grep -E
configure:7128: checking for ANSI C header files
configure:7148: gcc -c -D_FORTIFY_SOURCE=2 -g  conftest.c >&5
configure:7148: $? = 0
configure:7221: gcc -o conftest -D_FORTIFY_SOURCE=2 -g   conftest.c  >&5
configure:7221: $? = 0
configure:7221: ./conftest
configure:7221: $? = 0
configure:7232: result: yes
configure:7245: checking for sys/types.h
configure:7245: gcc -c -D_FORTIFY_SOURCE=2 -g  conftest.c >&5
configure:7245: $? = 0
configure:7245: result: yes
configure:7245: checking for sys/stat.h
configure:7245: gcc -c -D_FORTIFY_SOURCE=2 -g  conftest.c >&5
configure:7245: $? = 0
configure:7245: result: yes
configure:7245: checking for stdlib.h
configure:7245: gcc -c -D_FORTIFY_SOURCE=2 -g  conftest.c >&5
configure:7245: $? = 0
configure:7245: result: yes
configure:7245: checking for string.h
configure:7245: gcc -c -D_FORTIFY_SOURCE=2 -g  conftest.c >&5
configure:7245: $? = 0
configure:7245: result: yes
configure:7245: checking for memory.h
configure:7245: gcc -c -D_FORTIFY_SOURCE=2 -g  conftest.c >&5
configure:7245: $? = 0
configure:7245: result: yes
configure:7245: checking for strings.h
configure:7245: gcc -c -D_FORTIFY_SOURCE=2 -g  conftest.c >&5
configure:7245: $? = 0
configure:7245: result: yes
configure:7245: checking for inttypes.h
configure:7245: gcc -c -D_FORTIFY_SOURCE=2 -g  conftest.c >&5
configure:7245: $? = 0
configure:7245: result: yes
configure:7245: checking for stdint.h
configure:7245: gcc -c -D_FORTIFY_SOURCE=2 -g  conftest.c >&5
configure:7245: $? = 0
configure:7245: result: yes
configure:7245: checking for unistd.h
configure:7245: gcc -c -D_FORTIFY_SOURCE=2 -g  conftest.c >&5
configure:7245: $? = 0
configure:7245: result: yes
configure:7261: checking size of long
configure:7266: gcc -o conftest -D_FORTIFY_SOURCE=2 -g   conftest.c  >&5
configure:7266: $? = 0
configure:7266: ./conftest
configure:7266: $? = 0
configure:7280: result: 8
configure:7294: checking for struct user_regs_struct
configure:7294: gcc -c -D_FORTIFY_SOURCE=2 -g  conftest.c >&5
configure:7294: $? = 0
configure:7294: gcc -c -D_FORTIFY_SOURCE=2 -g  conftest.c >&5
conftest.c: In function 'main':
conftest.c:44:38: error: expected expression before ')' token
 if (sizeof ((struct user_regs_struct)))
                                      ^
configure:7294: $? = 1
configure: failed program was:
| /* confdefs.h */
| #define PACKAGE_NAME "elfutils"
| #define PACKAGE_TARNAME "elfutils"
| #define PACKAGE_VERSION "0.176"
| #define PACKAGE_STRING "elfutils 0.176"
| #define PACKAGE_BUGREPORT "https://sourceware.org/bugzilla"
| #define PACKAGE_URL "http://elfutils.org/"
| #define PACKAGE "elfutils"
| #define VERSION "0.176"
| #define DEFAULT_AR_DETERMINISTIC false
| #define HAVE_VISIBILITY 1
| #define HAVE_GCC_STRUCT 1
| #define CHECK_UNDEFINED 0
| #define LIBEBL_SUBDIR "elfutils"
| #define USE_ZLIB 1
| #define USE_LZMA 1
| #define HAVE_DECL_MEMRCHR 1
| #define HAVE_DECL_RAWMEMCHR 1
| #define HAVE_DECL_POWEROF2 1
| #define HAVE_DECL_MEMPCPY 1
| #define HAVE_PROCESS_VM_READV 1
| #define USE_DEMANGLE 1
| #define HAVE_FALLTHROUGH 1
| #define MODVERSION "Build for elfutils 176 x86_64-pc-linux-gnu"
| #define STDC_HEADERS 1
| #define HAVE_SYS_TYPES_H 1
| #define HAVE_SYS_STAT_H 1
| #define HAVE_STDLIB_H 1
| #define HAVE_STRING_H 1
| #define HAVE_MEMORY_H 1
| #define HAVE_STRINGS_H 1
| #define HAVE_INTTYPES_H 1
| #define HAVE_STDINT_H 1
| #define HAVE_UNISTD_H 1
| #define SIZEOF_LONG 8
| /* end confdefs.h.  */
| #include <sys/ptrace.h>
|                #include <sys/time.h>
|                #include <sys/user.h>
| 
| int
| main ()
| {
| if (sizeof ((struct user_regs_struct)))
| 	    return 0;
|   ;
|   return 0;
| }
configure:7294: result: yes
configure:7312: checking gcc option for 32-bit word size
configure:7325: gcc -m32 -c -D_FORTIFY_SOURCE=2 -g  conftest.c >&5
configure:7325: $? = 0
configure:7333: result: -m32
configure:7337: checking for 64-bit host
configure:7358: result: yes
configure:7385: checking whether gcc -m32 makes executables we can run
configure:7406: gcc -m32 -o conftest -D_FORTIFY_SOURCE=2 -g   conftest.c  >&5
/usr/bin/ld: cannot find Scrt1.o: No such file or directory
/usr/bin/ld: cannot find crti.o: No such file or directory
/usr/bin/ld: skipping incompatible /usr/lib/gcc/x86_64-linux-gnu/7/libgcc.a when searching for -lgcc
/usr/bin/ld: cannot find -lgcc
/usr/bin/ld: skipping incompatible /usr/lib/gcc/x86_64-linux-gnu/7/libgcc_s.so.1 when searching for libgcc_s.so.1
/usr/bin/ld: cannot find libgcc_s.so.1
/usr/bin/ld: skipping incompatible /usr/lib/gcc/x86_64-linux-gnu/7/libgcc.a when searching for -lgcc
/usr/bin/ld: cannot find -lgcc
collect2: error: ld returned 1 exit status
configure:7406: $? = 1
configure: program exited with status 1
configure: failed program was:
| /* confdefs.h */
| #define PACKAGE_NAME "elfutils"
| #define PACKAGE_TARNAME "elfutils"
| #define PACKAGE_VERSION "0.176"
| #define PACKAGE_STRING "elfutils 0.176"
| #define PACKAGE_BUGREPORT "https://sourceware.org/bugzilla"
| #define PACKAGE_URL "http://elfutils.org/"
| #define PACKAGE "elfutils"
| #define VERSION "0.176"
| #define DEFAULT_AR_DETERMINISTIC false
| #define HAVE_VISIBILITY 1
| #define HAVE_GCC_STRUCT 1
| #define CHECK_UNDEFINED 0
| #define LIBEBL_SUBDIR "elfutils"
| #define USE_ZLIB 1
| #define USE_LZMA 1
| #define HAVE_DECL_MEMRCHR 1
| #define HAVE_DECL_RAWMEMCHR 1
| #define HAVE_DECL_POWEROF2 1
| #define HAVE_DECL_MEMPCPY 1
| #define HAVE_PROCESS_VM_READV 1
| #define USE_DEMANGLE 1
| #define HAVE_FALLTHROUGH 1
| #define MODVERSION "Build for elfutils 176 x86_64-pc-linux-gnu"
| #define STDC_HEADERS 1
| #define HAVE_SYS_TYPES_H 1
| #define HAVE_SYS_STAT_H 1
| #define HAVE_STDLIB_H 1
| #define HAVE_STRING_H 1
| #define HAVE_MEMORY_H 1
| #define HAVE_STRINGS_H 1
| #define HAVE_INTTYPES_H 1
| #define HAVE_STDINT_H 1
| #define HAVE_UNISTD_H 1
| #define SIZEOF_LONG 8
| #define HAVE_SYS_USER_REGS 1
| /* end confdefs.h.  */
| 
| int
| main ()
| {
| 
|   ;
|   return 0;
| }
configure:7417: result: no
configure:7423: WARNING: not running biarch tests, gcc -m32 does not work
configure:7574: checking for bunzip2
configure:7590: found /bin/bunzip2
configure:7602: result: yes
configure:7724: checking that generated files are newer than configure
configure:7730: result: done
configure:7841: creating ./config.status

## ---------------------- ##
## Running config.status. ##
## ---------------------- ##

This file was extended by elfutils config.status 0.176, which was
generated by GNU Autoconf 2.69.  Invocation command line was

  CONFIG_FILES    = 
  CONFIG_HEADERS  = 
  CONFIG_LINKS    = 
  CONFIG_COMMANDS = 
  $ ./config.status 

on liuweijie-ThinkPad-11e-3rd-Gen

config.status:986: creating config/Makefile
config.status:986: creating Makefile
config.status:986: creating m4/Makefile
config.status:986: creating elfutils.spec
config.status:986: creating lib/Makefile
config.status:986: creating libelf/Makefile
config.status:986: creating libebl/Makefile
config.status:986: creating libdwelf/Makefile
config.status:986: creating libdw/Makefile
config.status:986: creating libdwfl/Makefile
config.status:986: creating libcpu/Makefile
config.status:986: creating libasm/Makefile
config.status:986: creating backends/Makefile
config.status:986: creating src/Makefile
config.status:986: creating po/Makefile.in
config.status:986: creating tests/Makefile
config.status:986: creating config/libelf.pc
config.status:986: creating config/libdw.pc
config.status:986: creating version.h
config.status:986: creating config.h
config.status:1152: config.h is unchanged
config.status:1200: executing depfiles commands
config.status:1277: cd lib       && sed -e '/# am--include-marker/d' Makefile         | make -f - am--depfiles
make[3]: Entering directory '/home/liuweijie/dyninst4sgxminidep/dyninst-build/elfutils/src/LibElf-build/lib'
make[3]: Nothing to be done for 'am--depfiles'.
make[3]: Leaving directory '/home/liuweijie/dyninst4sgxminidep/dyninst-build/elfutils/src/LibElf-build/lib'
config.status:1282: $? = 0
config.status:1277: cd libelf       && sed -e '/# am--include-marker/d' Makefile         | make -f - am--depfiles
make[3]: Entering directory '/home/liuweijie/dyninst4sgxminidep/dyninst-build/elfutils/src/LibElf-build/libelf'
make[3]: Nothing to be done for 'am--depfiles'.
make[3]: Leaving directory '/home/liuweijie/dyninst4sgxminidep/dyninst-build/elfutils/src/LibElf-build/libelf'
config.status:1282: $? = 0
config.status:1277: cd libebl       && sed -e '/# am--include-marker/d' Makefile         | make -f - am--depfiles
make[3]: Entering directory '/home/liuweijie/dyninst4sgxminidep/dyninst-build/elfutils/src/LibElf-build/libebl'
make[3]: Nothing to be done for 'am--depfiles'.
make[3]: Leaving directory '/home/liuweijie/dyninst4sgxminidep/dyninst-build/elfutils/src/LibElf-build/libebl'
config.status:1282: $? = 0
config.status:1277: cd libdwelf       && sed -e '/# am--include-marker/d' Makefile         | make -f - am--depfiles
make[3]: Entering directory '/home/liuweijie/dyninst4sgxminidep/dyninst-build/elfutils/src/LibElf-build/libdwelf'
make[3]: Nothing to be done for 'am--depfiles'.
make[3]: Leaving directory '/home/liuweijie/dyninst4sgxminidep/dyninst-build/elfutils/src/LibElf-build/libdwelf'
config.status:1282: $? = 0
config.status:1277: cd libdw       && sed -e '/# am--include-marker/d' Makefile         | make -f - am--depfiles
make[3]: Entering directory '/home/liuweijie/dyninst4sgxminidep/dyninst-build/elfutils/src/LibElf-build/libdw'
make[3]: Nothing to be done for 'am--depfiles'.
make[3]: Leaving directory '/home/liuweijie/dyninst4sgxminidep/dyninst-build/elfutils/src/LibElf-build/libdw'
config.status:1282: $? = 0
config.status:1277: cd libdwfl       && sed -e '/# am--include-marker/d' Makefile         | make -f - am--depfiles
make[3]: Entering directory '/home/liuweijie/dyninst4sgxminidep/dyninst-build/elfutils/src/LibElf-build/libdwfl'
make[3]: Nothing to be done for 'am--depfiles'.
make[3]: Leaving directory '/home/liuweijie/dyninst4sgxminidep/dyninst-build/elfutils/src/LibElf-build/libdwfl'
config.status:1282: $? = 0
config.status:1277: cd libcpu       && sed -e '/# am--include-marker/d' Makefile         | make -f - am--depfiles
make[3]: Entering directory '/home/liuweijie/dyninst4sgxminidep/dyninst-build/elfutils/src/LibElf-build/libcpu'
make[3]: Nothing to be done for 'am--depfiles'.
make[3]: Leaving directory '/home/liuweijie/dyninst4sgxminidep/dyninst-build/elfutils/src/LibElf-build/libcpu'
config.status:1282: $? = 0
config.status:1277: cd libasm       && sed -e '/# am--include-marker/d' Makefile         | make -f - am--depfiles
make[3]: Entering directory '/home/liuweijie/dyninst4sgxminidep/dyninst-build/elfutils/src/LibElf-build/libasm'
make[3]: Nothing to be done for 'am--depfiles'.
make[3]: Leaving directory '/home/liuweijie/dyninst4sgxminidep/dyninst-build/elfutils/src/LibElf-build/libasm'
config.status:1282: $? = 0
config.status:1277: cd backends       && sed -e '/# am--include-marker/d' Makefile         | make -f - am--depfiles
make[3]: Entering directory '/home/liuweijie/dyninst4sgxminidep/dyninst-build/elfutils/src/LibElf-build/backends'
make[3]: Nothing to be done for 'am--depfiles'.
make[3]: Leaving directory '/home/liuweijie/dyninst4sgxminidep/dyninst-build/elfutils/src/LibElf-build/backends'
config.status:1282: $? = 0
config.status:1277: cd src       && sed -e '/# am--include-marker/d' Makefile         | make -f - am--depfiles
make[3]: Entering directory '/home/liuweijie/dyninst4sgxminidep/dyninst-build/elfutils/src/LibElf-build/src'
make[3]: Nothing to be done for 'am--depfiles'.
make[3]: Leaving directory '/home/liuweijie/dyninst4sgxminidep/dyninst-build/elfutils/src/LibElf-build/src'
config.status:1282: $? = 0
config.status:1277: cd tests       && sed -e '/# am--include-marker/d' Makefile         | make -f - am--depfiles
make[3]: Entering directory '/home/liuweijie/dyninst4sgxminidep/dyninst-build/elfutils/src/LibElf-build/tests'
make[3]: Nothing to be done for 'am--depfiles'.
make[3]: Leaving directory '/home/liuweijie/dyninst4sgxminidep/dyninst-build/elfutils/src/LibElf-build/tests'
config.status:1282: $? = 0
config.status:1200: executing po-directories commands
configure:9295: WARNING: unrecognized options: --enable-shared
configure:9337:
=====================================================================
        elfutils: 0.176 (eu_version: 176)
=====================================================================

    Prefix                             : /home/liuweijie/dyninst4sgxminidep/dyninst-build/elfutils
    Program prefix ("eu-" recommended) : eu-
    Source code location               : /home/liuweijie/dyninst4sgxminidep/dyninst-build/elfutils/src/LibElf
    Maintainer mode                    : 
    libebl modules subdirectory        : elfutils
    build arch                         : x86_64-pc-linux-gnu

  RECOMMENDED FEATURES (should all be yes)
    gzip support                       : yes
    bzip2 support                      : no
    lzma/xz support                    : yes
    libstdc++ demangle support         : yes
    File textrel check                 : yes
    Symbol versioning                  : yes

  NOT RECOMMENDED FEATURES (should all be no)
    Experimental thread safety         : no
    install elf.h                      : yes

  OTHER FEATURES
    Deterministic archives by default  : false
    Native language support            : yes

  EXTRA TEST FEATURES (used with make check)
    have bunzip2 installed (required)  : yes
    debug branch prediction            : no
    gprof support                      : no
    gcov support                       : no
    run all tests under valgrind       : no
    gcc undefined behaviour sanitizer  : no
    use rpath in tests                 : no
    test biarch                        : no


## ---------------- ##
## Cache variables. ##
## ---------------- ##

ac_cv_bad_fts=no
ac_cv_build=x86_64-pc-linux-gnu
ac_cv_c99=yes
ac_cv_c_compiler_gnu=yes
ac_cv_duplicated_cond=yes
ac_cv_env_CC_set=
ac_cv_env_CC_value=
ac_cv_env_CFLAGS_set=set
ac_cv_env_CFLAGS_value=-g
ac_cv_env_CPPFLAGS_set=
ac_cv_env_CPPFLAGS_value=
ac_cv_env_CPP_set=
ac_cv_env_CPP_value=
ac_cv_env_LDFLAGS_set=
ac_cv_env_LDFLAGS_value=
ac_cv_env_LIBS_set=
ac_cv_env_LIBS_value=
ac_cv_env_YACC_set=
ac_cv_env_YACC_value=
ac_cv_env_YFLAGS_set=
ac_cv_env_YFLAGS_value=
ac_cv_env_build_alias_set=
ac_cv_env_build_alias_value=
ac_cv_env_host_alias_set=
ac_cv_env_host_alias_value=
ac_cv_env_target_alias_set=
ac_cv_env_target_alias_value=
ac_cv_fpic=yes
ac_cv_fpie=yes
ac_cv_func_process_vm_readv=yes
ac_cv_gcc_struct=yes
ac_cv_have_decl_mempcpy=yes
ac_cv_have_decl_memrchr=yes
ac_cv_have_decl_powerof2=yes
ac_cv_have_decl_rawmemchr=yes
ac_cv_header_inttypes_h=yes
ac_cv_header_memory_h=yes
ac_cv_header_stdc=yes
ac_cv_header_stdint_h=yes
ac_cv_header_stdlib_h=yes
ac_cv_header_string_h=yes
ac_cv_header_strings_h=yes
ac_cv_header_sys_stat_h=yes
ac_cv_header_sys_types_h=yes
ac_cv_header_unistd_h=yes
ac_cv_host=x86_64-pc-linux-gnu
ac_cv_implicit_fallthrough=yes
ac_cv_lib_stdcpp___cxa_demangle=yes
ac_cv_logical_op=yes
ac_cv_null_dereference=yes
ac_cv_objext=o
ac_cv_path_EGREP='/bin/grep -E'
ac_cv_path_GMSGFMT=/usr/bin/msgfmt
ac_cv_path_GREP=/bin/grep
ac_cv_path_MSGFMT=/usr/bin/msgfmt
ac_cv_path_MSGMERGE=/usr/bin/msgmerge
ac_cv_path_XGETTEXT=/usr/bin/xgettext
ac_cv_path_install='/usr/bin/install -c'
ac_cv_path_mkdir=/bin/mkdir
ac_cv_prog_AWK=mawk
ac_cv_prog_CPP='gcc -E'
ac_cv_prog_HAVE_BUNZIP2=yes
ac_cv_prog_ac_ct_AR=ar
ac_cv_prog_ac_ct_CC=gcc
ac_cv_prog_ac_ct_NM=nm
ac_cv_prog_ac_ct_RANLIB=ranlib
ac_cv_prog_ac_ct_READELF=readelf
ac_cv_prog_cc_c89=
ac_cv_prog_cc_g=yes
ac_cv_prog_make_make_set=yes
ac_cv_search_BZ2_bzdopen=no
ac_cv_search_gzdirect=-lz
ac_cv_search_lzma_auto_decoder=-llzma
ac_cv_sizeof_long=8
ac_cv_stack_usage=yes
ac_cv_symbol_versioning=yes
ac_cv_sys_file_offset_bits=no
ac_cv_sys_largefile_CC=no
ac_cv_tls=yes
ac_cv_type_struct_user_regs_struct=yes
ac_cv_visibility=yes
ac_cv_zdefs=yes
ac_cv_zrelro=yes
am_cv_CC_dependencies_compiler_type=gcc3
am_cv_ar_interface=ar
am_cv_make_support_nested_variables=yes
am_cv_prog_cc_c_o=yes
utrace_cv_CC_m32=-m32
utrace_cv_cc_biarch=no
utrace_cv_host64=yes

## ----------------- ##
## Output variables. ##
## ----------------- ##

ACLOCAL='${SHELL} /home/liuweijie/dyninst4sgxminidep/dyninst-build/elfutils/src/LibElf/config/missing aclocal-1.16'
ADD_STACK_USAGE_WARNING_FALSE='#'
ADD_STACK_USAGE_WARNING_TRUE=''
AMDEPBACKSLASH='\'
AMDEP_FALSE='#'
AMDEP_TRUE=''
AMTAR='$${TAR-tar}'
AM_BACKSLASH='\'
AM_DEFAULT_V='$(AM_DEFAULT_VERBOSITY)'
AM_DEFAULT_VERBOSITY='0'
AM_V='$(V)'
AR='ar'
AUTOCONF='${SHELL} /home/liuweijie/dyninst4sgxminidep/dyninst-build/elfutils/src/LibElf/config/missing autoconf'
AUTOHEADER='${SHELL} /home/liuweijie/dyninst4sgxminidep/dyninst-build/elfutils/src/LibElf/config/missing autoheader'
AUTOMAKE='${SHELL} /home/liuweijie/dyninst4sgxminidep/dyninst-build/elfutils/src/LibElf/config/missing automake-1.16'
AWK='mawk'
BIARCH_FALSE=''
BIARCH_TRUE='#'
BUILD_STATIC_FALSE=''
BUILD_STATIC_TRUE='#'
BZ2_LIB=''
BZLIB_FALSE=''
BZLIB_TRUE='#'
CC='gcc'
CCDEPMODE='depmode=gcc3'
CC_BIARCH='gcc -m32'
CFLAGS='-D_FORTIFY_SOURCE=2 -g'
CPP='gcc -E'
CPPFLAGS=''
CYGPATH_W='echo'
DEBUGPRED='0'
DEFS='-DHAVE_CONFIG_H'
DEMANGLE_FALSE='#'
DEMANGLE_TRUE=''
DEPDIR='.deps'
ECHO_C=''
ECHO_N='-n'
ECHO_T=''
EGREP='/bin/grep -E'
EXEEXT=''
FATAL_TEXTREL_FALSE='#'
FATAL_TEXTREL_TRUE=''
GCOV_FALSE=''
GCOV_TRUE='#'
GETTEXT_MACRO_VERSION='0.18'
GMSGFMT='/usr/bin/msgfmt'
GMSGFMT_015='/usr/bin/msgfmt'
GPROF_FALSE=''
GPROF_TRUE='#'
GREP='/bin/grep'
HAVE_BISON=''
HAVE_BUNZIP2='yes'
HAVE_DUPLICATED_COND_WARNING_FALSE='#'
HAVE_DUPLICATED_COND_WARNING_TRUE=''
HAVE_FLEX=''
HAVE_GAWK=''
HAVE_IMPLICIT_FALLTHROUGH_WARNING_FALSE='#'
HAVE_IMPLICIT_FALLTHROUGH_WARNING_TRUE=''
HAVE_LIBASM_FALSE='#'
HAVE_LIBASM_TRUE=''
HAVE_NULL_DEREFERENCE_WARNING_FALSE='#'
HAVE_NULL_DEREFERENCE_WARNING_TRUE=''
HAVE_VALGRIND=''
INSTALL_DATA='${INSTALL} -m 644'
INSTALL_ELFH_FALSE='#'
INSTALL_ELFH_TRUE=''
INSTALL_PROGRAM='${INSTALL}'
INSTALL_SCRIPT='${INSTALL}'
INSTALL_STRIP_PROGRAM='$(install_sh) -c -s'
LDFLAGS=''
LEX='${SHELL} /home/liuweijie/dyninst4sgxminidep/dyninst-build/elfutils/src/LibElf/config/missing flex'
LEXLIB=''
LEX_OUTPUT_ROOT=''
LIBEBL_SUBDIR='elfutils'
LIBLZMA='liblzma'
LIBOBJS=''
LIBS=''
LTLIBOBJS=''
LZMA_FALSE='#'
LZMA_TRUE=''
MAINT='#'
MAINTAINER_MODE_FALSE=''
MAINTAINER_MODE_TRUE='#'
MAKEINFO='${SHELL} /home/liuweijie/dyninst4sgxminidep/dyninst-build/elfutils/src/LibElf/config/missing makeinfo'
MKDIR_P='/bin/mkdir -p'
MODVERSION='Build for elfutils 176 x86_64-pc-linux-gnu'
MSGFMT='/usr/bin/msgfmt'
MSGFMT_015='/usr/bin/msgfmt'
MSGMERGE='/usr/bin/msgmerge'
NM='nm'
OBJEXT='o'
PACKAGE='elfutils'
PACKAGE_BUGREPORT='https://sourceware.org/bugzilla'
PACKAGE_NAME='elfutils'
PACKAGE_STRING='elfutils 0.176'
PACKAGE_TARNAME='elfutils'
PACKAGE_URL='http://elfutils.org/'
PACKAGE_VERSION='0.176'
PATH_SEPARATOR=':'
RANLIB='ranlib'
READELF='readelf'
SANE_LOGICAL_OP_WARNING_FALSE='#'
SANE_LOGICAL_OP_WARNING_TRUE=''
SET_MAKE=''
SHELL='/bin/bash'
STANDALONE_FALSE=''
STANDALONE_TRUE='#'
STRIP=''
SYMBOL_VERSIONING_FALSE='#'
SYMBOL_VERSIONING_TRUE=''
TESTS_RPATH_FALSE=''
TESTS_RPATH_TRUE='#'
USE_LOCKS_FALSE=''
USE_LOCKS_TRUE='#'
USE_NLS='yes'
USE_VALGRIND_FALSE=''
USE_VALGRIND_TRUE='#'
VERSION='0.176'
XGETTEXT='/usr/bin/xgettext'
XGETTEXT_015='/usr/bin/xgettext'
XGETTEXT_EXTRA_OPTIONS=''
YACC='yacc'
YFLAGS=''
ZLIB_FALSE='#'
ZLIB_TRUE=''
ac_ct_AR='ar'
ac_ct_CC='gcc'
am__EXEEXT_FALSE=''
am__EXEEXT_TRUE='#'
am__fastdepCC_FALSE='#'
am__fastdepCC_TRUE=''
am__include='include'
am__isrc=' -I$(srcdir)'
am__leading_dot='.'
am__nodep='_no'
am__quote=''
am__tar='$${TAR-tar} chof - "$$tardir"'
am__untar='$${TAR-tar} xf -'
argp_LDADD=''
bindir='${exec_prefix}/bin'
build='x86_64-pc-linux-gnu'
build_alias=''
build_cpu='x86_64'
build_os='linux-gnu'
build_vendor='pc'
datadir='${datarootdir}'
datarootdir='${prefix}/share'
docdir='${datarootdir}/doc/${PACKAGE_TARNAME}'
dso_LDFLAGS='-shared -Wl,-z,defs -Wl,-z,relro'
dvidir='${docdir}'
eu_version='176'
exec_prefix='${prefix}'
fpic_CFLAGS='-fPIC'
fpie_CFLAGS='-fPIE'
host='x86_64-pc-linux-gnu'
host_alias=''
host_cpu='x86_64'
host_os='linux-gnu'
host_vendor='pc'
htmldir='${docdir}'
includedir='${prefix}/include'
infodir='${datarootdir}/info'
install_sh='${SHELL} /home/liuweijie/dyninst4sgxminidep/dyninst-build/elfutils/src/LibElf/config/install-sh'
libdir='${exec_prefix}/lib'
libexecdir='${exec_prefix}/libexec'
localedir='${datarootdir}/locale'
localstatedir='${prefix}/var'
mandir='${datarootdir}/man'
mkdir_p='$(MKDIR_P)'
oldincludedir='/usr/include'
pdfdir='${docdir}'
prefix='/home/liuweijie/dyninst4sgxminidep/dyninst-build/elfutils'
program_transform_name='s&^&eu-&'
psdir='${docdir}'
sbindir='${exec_prefix}/sbin'
sharedstatedir='${prefix}/com'
sysconfdir='${prefix}/etc'
target_alias=''
zip_LIBS='-llzma '

## ----------- ##
## confdefs.h. ##
## ----------- ##

/* confdefs.h */
#define PACKAGE_NAME "elfutils"
#define PACKAGE_TARNAME "elfutils"
#define PACKAGE_VERSION "0.176"
#define PACKAGE_STRING "elfutils 0.176"
#define PACKAGE_BUGREPORT "https://sourceware.org/bugzilla"
#define PACKAGE_URL "http://elfutils.org/"
#define PACKAGE "elfutils"
#define VERSION "0.176"
#define DEFAULT_AR_DETERMINISTIC false
#define HAVE_VISIBILITY 1
#define HAVE_GCC_STRUCT 1
#define CHECK_UNDEFINED 0
#define LIBEBL_SUBDIR "elfutils"
#define USE_ZLIB 1
#define USE_LZMA 1
#define HAVE_DECL_MEMRCHR 1
#define HAVE_DECL_RAWMEMCHR 1
#define HAVE_DECL_POWEROF2 1
#define HAVE_DECL_MEMPCPY 1
#define HAVE_PROCESS_VM_READV 1
#define USE_DEMANGLE 1
#define HAVE_FALLTHROUGH 1
#define MODVERSION "Build for elfutils 176 x86_64-pc-linux-gnu"
#define STDC_HEADERS 1
#define HAVE_SYS_TYPES_H 1
#define HAVE_SYS_STAT_H 1
#define HAVE_STDLIB_H 1
#define HAVE_STRING_H 1
#define HAVE_MEMORY_H 1
#define HAVE_STRINGS_H 1
#define HAVE_INTTYPES_H 1
#define HAVE_STDINT_H 1
#define HAVE_UNISTD_H 1
#define SIZEOF_LONG 8
#define HAVE_SYS_USER_REGS 1

configure: exit 0
