This file contains any messages produced by compilers while
running configure, to aid debugging if configure makes a mistake.

It was created by elfutils configure 0.176, which was
generated by GNU Autoconf 2.69.  Invocation command line was

  $ ./configure --no-create --no-recursion

## --------- ##
## Platform. ##
## --------- ##

hostname = vca_node_00
uname -m = x86_64
uname -r = 4.14.20-1.2.3.26.vca
uname -s = Linux
uname -v = #1 SMP Wed Nov 28 17:11:04 CET 2018

/usr/bin/uname -p = unknown
/bin/uname -X     = unknown

/bin/arch              = unknown
/usr/bin/arch -k       = unknown
/usr/convex/getsysinfo = unknown
/usr/bin/hostinfo      = unknown
/bin/machine           = unknown
/usr/bin/oslevel       = unknown
/bin/universe          = unknown

PATH: /usr/local/sbin
PATH: /usr/local/bin
PATH: /usr/sbin
PATH: /usr/bin
PATH: /sbin
PATH: /bin
PATH: /usr/games
PATH: /usr/local/games
PATH: /opt/intel/sgxsdk/bin
PATH: /opt/intel/sgxsdk/bin/x64


## ----------- ##
## Core tests. ##
## ----------- ##

configure:2512: No --program-prefix given, using "eu-"
configure:2571: checking for a BSD-compatible install
configure:2639: result: /usr/bin/install -c
configure:2650: checking whether build environment is sane
configure:2705: result: yes
configure:2856: checking for a thread-safe mkdir -p
configure:2895: result: /bin/mkdir -p
configure:2902: checking for gawk
configure:2932: result: no
configure:2902: checking for mawk
configure:2918: found /usr/bin/mawk
configure:2929: result: mawk
configure:2940: checking whether make sets $(MAKE)
configure:2962: result: yes
configure:2991: checking whether make supports nested variables
configure:3008: result: yes
configure:3135: checking whether to enable maintainer-specific portions of Makefiles
configure:3144: result: no
configure:3169: checking whether make supports nested variables
configure:3186: result: yes
configure:3216: checking build system type
configure:3230: result: x86_64-pc-linux-gnu
configure:3250: checking host system type
configure:3263: result: x86_64-pc-linux-gnu
configure:3376: checking for gcc
configure:3392: found /usr/bin/gcc
configure:3403: result: gcc
configure:3632: checking for C compiler version
configure:3641: gcc --version >&5
gcc (Ubuntu 5.4.0-6ubuntu1~16.04.10) 5.4.0 20160609
Copyright (C) 2015 Free Software Foundation, Inc.
This is free software; see the source for copying conditions.  There is NO
warranty; not even for MERCHANTABILITY or FITNESS FOR A PARTICULAR PURPOSE.

configure:3652: $? = 0
configure:3641: gcc -v >&5
Using built-in specs.
COLLECT_GCC=gcc
COLLECT_LTO_WRAPPER=/usr/lib/gcc/x86_64-linux-gnu/5/lto-wrapper
Target: x86_64-linux-gnu
Configured with: ../src/configure -v --with-pkgversion='Ubuntu 5.4.0-6ubuntu1~16.04.10' --with-bugurl=file:///usr/share/doc/gcc-5/README.Bugs --enable-languages=c,ada,c++,java,go,d,fortran,objc,obj-c++ --prefix=/usr --program-suffix=-5 --enable-shared --enable-linker-build-id --libexecdir=/usr/lib --without-included-gettext --enable-threads=posix --libdir=/usr/lib --enable-nls --with-sysroot=/ --enable-clocale=gnu --enable-libstdcxx-debug --enable-libstdcxx-time=yes --with-default-libstdcxx-abi=new --enable-gnu-unique-object --disable-vtable-verify --enable-libmpx --enable-plugin --with-system-zlib --disable-browser-plugin --enable-java-awt=gtk --enable-gtk-cairo --with-java-home=/usr/lib/jvm/java-1.5.0-gcj-5-amd64/jre --enable-java-home --with-jvm-root-dir=/usr/lib/jvm/java-1.5.0-gcj-5-amd64 --with-jvm-jar-dir=/usr/lib/jvm-exports/java-1.5.0-gcj-5-amd64 --with-arch-directory=amd64 --with-ecj-jar=/usr/share/java/eclipse-ecj.jar --enable-objc-gc --enable-multiarch --disable-werror --with-arch-32=i686 --with-abi=m64 --with-multilib-list=m32,m64,mx32 --enable-multilib --with-tune=generic --enable-checking=release --build=x86_64-linux-gnu --host=x86_64-linux-gnu --target=x86_64-linux-gnu
Thread model: posix
gcc version 5.4.0 20160609 (Ubuntu 5.4.0-6ubuntu1~16.04.10) 
configure:3652: $? = 0
configure:3641: gcc -V >&5
gcc: error: unrecognized command line option '-V'
gcc: fatal error: no input files
compilation terminated.
configure:3652: $? = 1
configure:3641: gcc -qversion >&5
gcc: error: unrecognized command line option '-qversion'
gcc: fatal error: no input files
compilation terminated.
configure:3652: $? = 1
configure:3672: checking whether the C compiler works
configure:3694: gcc    conftest.c  >&5
configure:3698: $? = 0
configure:3746: result: yes
configure:3749: checking for C compiler default output file name
configure:3751: result: a.out
configure:3757: checking for suffix of executables
configure:3764: gcc -o conftest    conftest.c  >&5
configure:3768: $? = 0
configure:3790: result: 
configure:3812: checking whether we are cross compiling
configure:3820: gcc -o conftest    conftest.c  >&5
configure:3824: $? = 0
configure:3831: ./conftest
configure:3835: $? = 0
configure:3850: result: no
configure:3855: checking for suffix of object files
configure:3877: gcc -c   conftest.c >&5
configure:3881: $? = 0
configure:3902: result: o
configure:3906: checking whether we are using the GNU C compiler
configure:3925: gcc -c   conftest.c >&5
configure:3925: $? = 0
configure:3934: result: yes
configure:3943: checking whether gcc accepts -g
configure:3963: gcc -c -g  conftest.c >&5
configure:3963: $? = 0
configure:4004: result: yes
configure:4021: checking for gcc option to accept ISO C89
configure:4084: gcc  -c -g -O2  conftest.c >&5
configure:4084: $? = 0
configure:4097: result: none needed
configure:4122: checking whether gcc understands -c and -o together
configure:4144: gcc -c conftest.c -o conftest2.o
configure:4147: $? = 0
configure:4144: gcc -c conftest.c -o conftest2.o
configure:4147: $? = 0
configure:4159: result: yes
configure:4187: checking for style of include used by make
configure:4215: result: GNU
configure:4241: checking dependency style of gcc
configure:4352: result: gcc3
configure:4410: checking for ranlib
configure:4426: found /usr/bin/ranlib
configure:4437: result: ranlib
configure:4463: checking for bison
configure:4493: result: no
configure:4463: checking for byacc
configure:4493: result: no
configure:4507: checking for flex
configure:4537: result: no
configure:4507: checking for lex
configure:4537: result: no
configure:4715: checking for ar
configure:4731: found /usr/bin/ar
configure:4742: result: ar
configure:4768: checking the archiver (ar) interface
configure:4784: gcc -c -g -O2  conftest.c >&5
configure:4784: $? = 0
configure:4786: ar cru libconftest.a conftest.o >&5
ar: `u' modifier ignored since `D' is the default (see `U')
configure:4789: $? = 0
configure:4817: result: ar
configure:4880: checking for readelf
configure:4896: found /usr/bin/readelf
configure:4907: result: readelf
configure:4972: checking for nm
configure:4988: found /usr/bin/nm
configure:4999: result: nm
configure:5031: checking for gcc with GNU99 support
configure:5056: gcc -c -g -O2 -std=gnu99  conftest.c >&5
configure:5056: $? = 0
configure:5064: result: yes
configure:5070: checking whether gcc supports __attribute__((visibility()))
configure:5085: gcc -c -g -O2 -Werror  conftest.c >&5
configure:5085: $? = 0
configure:5093: result: yes
configure:5101: checking whether gcc supports __attribute__((gcc_struct))
configure:5113: gcc -c -g -O2 -Werror  conftest.c >&5
configure:5113: $? = 0
configure:5121: result: yes
configure:5129: checking whether gcc supports -fPIC
configure:5140: gcc -c -g -O2 -fPIC -Werror  conftest.c >&5
configure:5140: $? = 0
configure:5149: result: yes
configure:5158: checking whether gcc supports -fPIE
configure:5169: gcc -c -g -O2 -fPIE -Werror  conftest.c >&5
configure:5169: $? = 0
configure:5178: result: yes
configure:5190: checking whether gcc supports -Wl,-z,defs
configure:5208: gcc -o conftest -g -O2  -Wl,-z,defs  conftest.c  >&5
configure:5208: $? = 0
configure:5218: result: yes
configure:5225: checking whether gcc supports -Wl,-z,relro
configure:5243: gcc -o conftest -g -O2  -Wl,-z,relro  conftest.c  >&5
configure:5243: $? = 0
configure:5253: result: yes
configure:5261: checking for __thread support
configure:5285: gcc -o conftest -fPIC -g -O2  -shared -Wl,-z,defs -Wl,-z,relro  conftest.c  >&5
configure:5285: $? = 0
configure:5295: result: yes
configure:5308: checking for special C compiler options needed for large files
configure:5353: result: no
configure:5359: checking for _FILE_OFFSET_BITS value needed for large files
configure:5384: gcc -c -g -O2  conftest.c >&5
configure:5384: $? = 0
configure:5416: result: no
configure:5502: checking whether fts.h is bad when included (with LFS)
configure:5511: gcc -c -g -O2  conftest.c >&5
configure:5511: $? = 0
configure:5518: result: no
configure:5527: checking whether to add -D_FORTIFY_SOURCE=2 to CFLAGS
configure:5544: gcc -c -D_FORTIFY_SOURCE=2 -Werror -g -O2  conftest.c >&5
configure:5544: $? = 0
configure:5545: result: yes
configure:5777: checking for library containing gzdirect
configure:5808: gcc -o conftest -D_FORTIFY_SOURCE=2 -g -O2   conftest.c  >&5
/tmp/ccnabdVa.o: In function `main':
/root/elfutils4sgx/elfutils-0.176/conftest.c:27: undefined reference to `gzdirect'
collect2: error: ld returned 1 exit status
configure:5808: $? = 1
configure: failed program was:
| /* confdefs.h */
| #define PACKAGE_NAME "elfutils"
| #define PACKAGE_TARNAME "elfutils"
| #define PACKAGE_VERSION "0.176"
| #define PACKAGE_STRING "elfutils 0.176"
| #define PACKAGE_BUGREPORT "https://sourceware.org/bugzilla"
| #define PACKAGE_URL "http://elfutils.org/"
| #define PACKAGE "elfutils"
| #define VERSION "0.176"
| #define DEFAULT_AR_DETERMINISTIC false
| #define HAVE_VISIBILITY 1
| #define HAVE_GCC_STRUCT 1
| #define CHECK_UNDEFINED 0
| #define LIBEBL_SUBDIR "elfutils"
| /* end confdefs.h.  */
| 
| /* Override any GCC internal prototype to avoid an error.
|    Use char because int might match the return type of a GCC
|    builtin and then its argument prototype would still apply.  */
| #ifdef __cplusplus
| extern "C"
| #endif
| char gzdirect ();
| int
| main ()
| {
| return gzdirect ();
|   ;
|   return 0;
| }
configure:5808: gcc -o conftest -D_FORTIFY_SOURCE=2 -g -O2   conftest.c -lz   >&5
configure:5808: $? = 0
configure:5825: result: -lz
configure:5868: checking for library containing BZ2_bzdopen
configure:5899: gcc -o conftest -D_FORTIFY_SOURCE=2 -g -O2   conftest.c  >&5
/tmp/cc0WVeQg.o: In function `main':
/root/elfutils4sgx/elfutils-0.176/conftest.c:28: undefined reference to `BZ2_bzdopen'
collect2: error: ld returned 1 exit status
configure:5899: $? = 1
configure: failed program was:
| /* confdefs.h */
| #define PACKAGE_NAME "elfutils"
| #define PACKAGE_TARNAME "elfutils"
| #define PACKAGE_VERSION "0.176"
| #define PACKAGE_STRING "elfutils 0.176"
| #define PACKAGE_BUGREPORT "https://sourceware.org/bugzilla"
| #define PACKAGE_URL "http://elfutils.org/"
| #define PACKAGE "elfutils"
| #define VERSION "0.176"
| #define DEFAULT_AR_DETERMINISTIC false
| #define HAVE_VISIBILITY 1
| #define HAVE_GCC_STRUCT 1
| #define CHECK_UNDEFINED 0
| #define LIBEBL_SUBDIR "elfutils"
| #define USE_ZLIB 1
| /* end confdefs.h.  */
| 
| /* Override any GCC internal prototype to avoid an error.
|    Use char because int might match the return type of a GCC
|    builtin and then its argument prototype would still apply.  */
| #ifdef __cplusplus
| extern "C"
| #endif
| char BZ2_bzdopen ();
| int
| main ()
| {
| return BZ2_bzdopen ();
|   ;
|   return 0;
| }
configure:5899: gcc -o conftest -D_FORTIFY_SOURCE=2 -g -O2   conftest.c -lbz2   >&5
/usr/bin/ld: cannot find -lbz2
collect2: error: ld returned 1 exit status
configure:5899: $? = 1
configure: failed program was:
| /* confdefs.h */
| #define PACKAGE_NAME "elfutils"
| #define PACKAGE_TARNAME "elfutils"
| #define PACKAGE_VERSION "0.176"
| #define PACKAGE_STRING "elfutils 0.176"
| #define PACKAGE_BUGREPORT "https://sourceware.org/bugzilla"
| #define PACKAGE_URL "http://elfutils.org/"
| #define PACKAGE "elfutils"
| #define VERSION "0.176"
| #define DEFAULT_AR_DETERMINISTIC false
| #define HAVE_VISIBILITY 1
| #define HAVE_GCC_STRUCT 1
| #define CHECK_UNDEFINED 0
| #define LIBEBL_SUBDIR "elfutils"
| #define USE_ZLIB 1
| /* end confdefs.h.  */
| 
| /* Override any GCC internal prototype to avoid an error.
|    Use char because int might match the return type of a GCC
|    builtin and then its argument prototype would still apply.  */
| #ifdef __cplusplus
| extern "C"
| #endif
| char BZ2_bzdopen ();
| int
| main ()
| {
| return BZ2_bzdopen ();
|   ;
|   return 0;
| }
configure:5916: result: no
configure:5955: checking for library containing lzma_auto_decoder
configure:5986: gcc -o conftest -D_FORTIFY_SOURCE=2 -g -O2   conftest.c  >&5
/tmp/ccjt9UY9.o: In function `main':
/root/elfutils4sgx/elfutils-0.176/conftest.c:28: undefined reference to `lzma_auto_decoder'
collect2: error: ld returned 1 exit status
configure:5986: $? = 1
configure: failed program was:
| /* confdefs.h */
| #define PACKAGE_NAME "elfutils"
| #define PACKAGE_TARNAME "elfutils"
| #define PACKAGE_VERSION "0.176"
| #define PACKAGE_STRING "elfutils 0.176"
| #define PACKAGE_BUGREPORT "https://sourceware.org/bugzilla"
| #define PACKAGE_URL "http://elfutils.org/"
| #define PACKAGE "elfutils"
| #define VERSION "0.176"
| #define DEFAULT_AR_DETERMINISTIC false
| #define HAVE_VISIBILITY 1
| #define HAVE_GCC_STRUCT 1
| #define CHECK_UNDEFINED 0
| #define LIBEBL_SUBDIR "elfutils"
| #define USE_ZLIB 1
| /* end confdefs.h.  */
| 
| /* Override any GCC internal prototype to avoid an error.
|    Use char because int might match the return type of a GCC
|    builtin and then its argument prototype would still apply.  */
| #ifdef __cplusplus
| extern "C"
| #endif
| char lzma_auto_decoder ();
| int
| main ()
| {
| return lzma_auto_decoder ();
|   ;
|   return 0;
| }
configure:5986: gcc -o conftest -D_FORTIFY_SOURCE=2 -g -O2   conftest.c -llzma   >&5
/usr/bin/ld: cannot find -llzma
collect2: error: ld returned 1 exit status
configure:5986: $? = 1
configure: failed program was:
| /* confdefs.h */
| #define PACKAGE_NAME "elfutils"
| #define PACKAGE_TARNAME "elfutils"
| #define PACKAGE_VERSION "0.176"
| #define PACKAGE_STRING "elfutils 0.176"
| #define PACKAGE_BUGREPORT "https://sourceware.org/bugzilla"
| #define PACKAGE_URL "http://elfutils.org/"
| #define PACKAGE "elfutils"
| #define VERSION "0.176"
| #define DEFAULT_AR_DETERMINISTIC false
| #define HAVE_VISIBILITY 1
| #define HAVE_GCC_STRUCT 1
| #define CHECK_UNDEFINED 0
| #define LIBEBL_SUBDIR "elfutils"
| #define USE_ZLIB 1
| /* end confdefs.h.  */
| 
| /* Override any GCC internal prototype to avoid an error.
|    Use char because int might match the return type of a GCC
|    builtin and then its argument prototype would still apply.  */
| #ifdef __cplusplus
| extern "C"
| #endif
| char lzma_auto_decoder ();
| int
| main ()
| {
| return lzma_auto_decoder ();
|   ;
|   return 0;
| }
configure:6003: result: no
configure:6040: checking whether memrchr is declared
configure:6040: gcc -c -D_FORTIFY_SOURCE=2 -g -O2  conftest.c >&5
configure:6040: $? = 0
configure:6040: result: yes
configure:6052: checking whether rawmemchr is declared
configure:6052: gcc -c -D_FORTIFY_SOURCE=2 -g -O2  conftest.c >&5
configure:6052: $? = 0
configure:6052: result: yes
configure:6065: checking whether powerof2 is declared
configure:6065: gcc -c -D_FORTIFY_SOURCE=2 -g -O2  conftest.c >&5
configure:6065: $? = 0
configure:6065: result: yes
configure:6077: checking whether mempcpy is declared
configure:6077: gcc -c -D_FORTIFY_SOURCE=2 -g -O2  conftest.c >&5
configure:6077: $? = 0
configure:6077: result: yes
configure:6093: checking for process_vm_readv
configure:6093: gcc -o conftest -D_FORTIFY_SOURCE=2 -g -O2   conftest.c  >&5
configure:6093: $? = 0
configure:6093: result: yes
configure:6103: checking for __cxa_demangle in -lstdc++
configure:6128: gcc -o conftest -D_FORTIFY_SOURCE=2 -g -O2   conftest.c -lstdc++   >&5
configure:6128: $? = 0
configure:6137: result: yes
configure:6184: checking whether symbol versioning is supported
configure:6197: gcc -c -D_FORTIFY_SOURCE=2 -g -O2  conftest.c >&5
configure:6197: $? = 0
configure:6204: result: yes
configure:6229: checking whether gcc accepts -Wstack-usage
configure:6240: gcc -c -D_FORTIFY_SOURCE=2 -g -O2 -Wstack-usage=262144 -Werror  conftest.c >&5
configure:6240: $? = 0
configure:6248: result: yes
configure:6260: checking whether gcc has a sane -Wlogical-op
configure:6272: gcc -c -D_FORTIFY_SOURCE=2 -g -O2 -Wlogical-op -Werror  conftest.c >&5
configure:6272: $? = 0
configure:6280: result: yes
configure:6292: checking whether gcc accepts -Wduplicated-cond
configure:6303: gcc -c -D_FORTIFY_SOURCE=2 -g -O2 -Wduplicated-cond -Werror  conftest.c >&5
gcc: error: unrecognized command line option '-Wduplicated-cond'
configure:6303: $? = 1
configure: failed program was:
| /* confdefs.h */
| #define PACKAGE_NAME "elfutils"
| #define PACKAGE_TARNAME "elfutils"
| #define PACKAGE_VERSION "0.176"
| #define PACKAGE_STRING "elfutils 0.176"
| #define PACKAGE_BUGREPORT "https://sourceware.org/bugzilla"
| #define PACKAGE_URL "http://elfutils.org/"
| #define PACKAGE "elfutils"
| #define VERSION "0.176"
| #define DEFAULT_AR_DETERMINISTIC false
| #define HAVE_VISIBILITY 1
| #define HAVE_GCC_STRUCT 1
| #define CHECK_UNDEFINED 0
| #define LIBEBL_SUBDIR "elfutils"
| #define USE_ZLIB 1
| #define HAVE_DECL_MEMRCHR 1
| #define HAVE_DECL_RAWMEMCHR 1
| #define HAVE_DECL_POWEROF2 1
| #define HAVE_DECL_MEMPCPY 1
| #define HAVE_PROCESS_VM_READV 1
| #define USE_DEMANGLE 1
| /* end confdefs.h.  */
| 
configure:6311: result: no
configure:6323: checking whether gcc accepts -Wnull-dereference
configure:6334: gcc -c -D_FORTIFY_SOURCE=2 -g -O2 -Wnull-dereference -Werror  conftest.c >&5
gcc: error: unrecognized command line option '-Wnull-dereference'
configure:6334: $? = 1
configure: failed program was:
| /* confdefs.h */
| #define PACKAGE_NAME "elfutils"
| #define PACKAGE_TARNAME "elfutils"
| #define PACKAGE_VERSION "0.176"
| #define PACKAGE_STRING "elfutils 0.176"
| #define PACKAGE_BUGREPORT "https://sourceware.org/bugzilla"
| #define PACKAGE_URL "http://elfutils.org/"
| #define PACKAGE "elfutils"
| #define VERSION "0.176"
| #define DEFAULT_AR_DETERMINISTIC false
| #define HAVE_VISIBILITY 1
| #define HAVE_GCC_STRUCT 1
| #define CHECK_UNDEFINED 0
| #define LIBEBL_SUBDIR "elfutils"
| #define USE_ZLIB 1
| #define HAVE_DECL_MEMRCHR 1
| #define HAVE_DECL_RAWMEMCHR 1
| #define HAVE_DECL_POWEROF2 1
| #define HAVE_DECL_MEMPCPY 1
| #define HAVE_PROCESS_VM_READV 1
| #define USE_DEMANGLE 1
| /* end confdefs.h.  */
| 
configure:6342: result: no
configure:6354: checking whether gcc accepts -Wimplicit-fallthrough
configure:6365: gcc -c -D_FORTIFY_SOURCE=2 -g -O2 -Wimplicit-fallthrough -Werror  conftest.c >&5
gcc: error: unrecognized command line option '-Wimplicit-fallthrough'
configure:6365: $? = 1
configure: failed program was:
| /* confdefs.h */
| #define PACKAGE_NAME "elfutils"
| #define PACKAGE_TARNAME "elfutils"
| #define PACKAGE_VERSION "0.176"
| #define PACKAGE_STRING "elfutils 0.176"
| #define PACKAGE_BUGREPORT "https://sourceware.org/bugzilla"
| #define PACKAGE_URL "http://elfutils.org/"
| #define PACKAGE "elfutils"
| #define VERSION "0.176"
| #define DEFAULT_AR_DETERMINISTIC false
| #define HAVE_VISIBILITY 1
| #define HAVE_GCC_STRUCT 1
| #define CHECK_UNDEFINED 0
| #define LIBEBL_SUBDIR "elfutils"
| #define USE_ZLIB 1
| #define HAVE_DECL_MEMRCHR 1
| #define HAVE_DECL_RAWMEMCHR 1
| #define HAVE_DECL_POWEROF2 1
| #define HAVE_DECL_MEMPCPY 1
| #define HAVE_PROCESS_VM_READV 1
| #define USE_DEMANGLE 1
| /* end confdefs.h.  */
| 
configure:6373: result: no
configure:6403: gcc -o conftest -D_FORTIFY_SOURCE=2 -g -O2   conftest.c  >&5
configure:6403: $? = 0
configure:6525: checking whether NLS is requested
configure:6534: result: yes
configure:6575: checking for msgfmt
configure: trying /usr/bin/msgfmt...
0 translated messages.
configure:6607: result: /usr/bin/msgfmt
configure:6616: checking for gmsgfmt
configure:6647: result: /usr/bin/msgfmt
configure:6698: checking for xgettext
configure: trying /usr/bin/xgettext...
/usr/bin/xgettext: warning: file '/dev/null' extension '' is unknown; will try C
configure:6730: result: /usr/bin/xgettext
configure:6776: checking for msgmerge
configure: trying /usr/bin/msgmerge...
configure:6807: result: /usr/bin/msgmerge
configure:6877: checking how to run the C preprocessor
configure:6908: gcc -E  conftest.c
configure:6908: $? = 0
configure:6922: gcc -E  conftest.c
conftest.c:24:28: fatal error: ac_nonexistent.h: No such file or directory
compilation terminated.
configure:6922: $? = 1
configure: failed program was:
| /* confdefs.h */
| #define PACKAGE_NAME "elfutils"
| #define PACKAGE_TARNAME "elfutils"
| #define PACKAGE_VERSION "0.176"
| #define PACKAGE_STRING "elfutils 0.176"
| #define PACKAGE_BUGREPORT "https://sourceware.org/bugzilla"
| #define PACKAGE_URL "http://elfutils.org/"
| #define PACKAGE "elfutils"
| #define VERSION "0.176"
| #define DEFAULT_AR_DETERMINISTIC false
| #define HAVE_VISIBILITY 1
| #define HAVE_GCC_STRUCT 1
| #define CHECK_UNDEFINED 0
| #define LIBEBL_SUBDIR "elfutils"
| #define USE_ZLIB 1
| #define HAVE_DECL_MEMRCHR 1
| #define HAVE_DECL_RAWMEMCHR 1
| #define HAVE_DECL_POWEROF2 1
| #define HAVE_DECL_MEMPCPY 1
| #define HAVE_PROCESS_VM_READV 1
| #define USE_DEMANGLE 1
| #define MODVERSION "Build for elfutils 176 x86_64-pc-linux-gnu"
| /* end confdefs.h.  */
| #include <ac_nonexistent.h>
configure:6947: result: gcc -E
configure:6967: gcc -E  conftest.c
configure:6967: $? = 0
configure:6981: gcc -E  conftest.c
conftest.c:24:28: fatal error: ac_nonexistent.h: No such file or directory
compilation terminated.
configure:6981: $? = 1
configure: failed program was:
| /* confdefs.h */
| #define PACKAGE_NAME "elfutils"
| #define PACKAGE_TARNAME "elfutils"
| #define PACKAGE_VERSION "0.176"
| #define PACKAGE_STRING "elfutils 0.176"
| #define PACKAGE_BUGREPORT "https://sourceware.org/bugzilla"
| #define PACKAGE_URL "http://elfutils.org/"
| #define PACKAGE "elfutils"
| #define VERSION "0.176"
| #define DEFAULT_AR_DETERMINISTIC false
| #define HAVE_VISIBILITY 1
| #define HAVE_GCC_STRUCT 1
| #define CHECK_UNDEFINED 0
| #define LIBEBL_SUBDIR "elfutils"
| #define USE_ZLIB 1
| #define HAVE_DECL_MEMRCHR 1
| #define HAVE_DECL_RAWMEMCHR 1
| #define HAVE_DECL_POWEROF2 1
| #define HAVE_DECL_MEMPCPY 1
| #define HAVE_PROCESS_VM_READV 1
| #define USE_DEMANGLE 1
| #define MODVERSION "Build for elfutils 176 x86_64-pc-linux-gnu"
| /* end confdefs.h.  */
| #include <ac_nonexistent.h>
configure:7010: checking for grep that handles long lines and -e
configure:7068: result: /bin/grep
configure:7073: checking for egrep
configure:7135: result: /bin/grep -E
configure:7140: checking for ANSI C header files
configure:7160: gcc -c -D_FORTIFY_SOURCE=2 -g -O2  conftest.c >&5
configure:7160: $? = 0
configure:7233: gcc -o conftest -D_FORTIFY_SOURCE=2 -g -O2   conftest.c  >&5
configure:7233: $? = 0
configure:7233: ./conftest
configure:7233: $? = 0
configure:7244: result: yes
configure:7257: checking for sys/types.h
configure:7257: gcc -c -D_FORTIFY_SOURCE=2 -g -O2  conftest.c >&5
configure:7257: $? = 0
configure:7257: result: yes
configure:7257: checking for sys/stat.h
configure:7257: gcc -c -D_FORTIFY_SOURCE=2 -g -O2  conftest.c >&5
configure:7257: $? = 0
configure:7257: result: yes
configure:7257: checking for stdlib.h
configure:7257: gcc -c -D_FORTIFY_SOURCE=2 -g -O2  conftest.c >&5
configure:7257: $? = 0
configure:7257: result: yes
configure:7257: checking for string.h
configure:7257: gcc -c -D_FORTIFY_SOURCE=2 -g -O2  conftest.c >&5
configure:7257: $? = 0
configure:7257: result: yes
configure:7257: checking for memory.h
configure:7257: gcc -c -D_FORTIFY_SOURCE=2 -g -O2  conftest.c >&5
configure:7257: $? = 0
configure:7257: result: yes
configure:7257: checking for strings.h
configure:7257: gcc -c -D_FORTIFY_SOURCE=2 -g -O2  conftest.c >&5
configure:7257: $? = 0
configure:7257: result: yes
configure:7257: checking for inttypes.h
configure:7257: gcc -c -D_FORTIFY_SOURCE=2 -g -O2  conftest.c >&5
configure:7257: $? = 0
configure:7257: result: yes
configure:7257: checking for stdint.h
configure:7257: gcc -c -D_FORTIFY_SOURCE=2 -g -O2  conftest.c >&5
configure:7257: $? = 0
configure:7257: result: yes
configure:7257: checking for unistd.h
configure:7257: gcc -c -D_FORTIFY_SOURCE=2 -g -O2  conftest.c >&5
configure:7257: $? = 0
configure:7257: result: yes
configure:7273: checking size of long
configure:7278: gcc -o conftest -D_FORTIFY_SOURCE=2 -g -O2   conftest.c  >&5
configure:7278: $? = 0
configure:7278: ./conftest
configure:7278: $? = 0
configure:7292: result: 8
configure:7306: checking for struct user_regs_struct
configure:7306: gcc -c -D_FORTIFY_SOURCE=2 -g -O2  conftest.c >&5
configure:7306: $? = 0
configure:7306: gcc -c -D_FORTIFY_SOURCE=2 -g -O2  conftest.c >&5
conftest.c: In function 'main':
conftest.c:42:38: error: expected expression before ')' token
 if (sizeof ((struct user_regs_struct)))
                                      ^
configure:7306: $? = 1
configure: failed program was:
| /* confdefs.h */
| #define PACKAGE_NAME "elfutils"
| #define PACKAGE_TARNAME "elfutils"
| #define PACKAGE_VERSION "0.176"
| #define PACKAGE_STRING "elfutils 0.176"
| #define PACKAGE_BUGREPORT "https://sourceware.org/bugzilla"
| #define PACKAGE_URL "http://elfutils.org/"
| #define PACKAGE "elfutils"
| #define VERSION "0.176"
| #define DEFAULT_AR_DETERMINISTIC false
| #define HAVE_VISIBILITY 1
| #define HAVE_GCC_STRUCT 1
| #define CHECK_UNDEFINED 0
| #define LIBEBL_SUBDIR "elfutils"
| #define USE_ZLIB 1
| #define HAVE_DECL_MEMRCHR 1
| #define HAVE_DECL_RAWMEMCHR 1
| #define HAVE_DECL_POWEROF2 1
| #define HAVE_DECL_MEMPCPY 1
| #define HAVE_PROCESS_VM_READV 1
| #define USE_DEMANGLE 1
| #define MODVERSION "Build for elfutils 176 x86_64-pc-linux-gnu"
| #define STDC_HEADERS 1
| #define HAVE_SYS_TYPES_H 1
| #define HAVE_SYS_STAT_H 1
| #define HAVE_STDLIB_H 1
| #define HAVE_STRING_H 1
| #define HAVE_MEMORY_H 1
| #define HAVE_STRINGS_H 1
| #define HAVE_INTTYPES_H 1
| #define HAVE_STDINT_H 1
| #define HAVE_UNISTD_H 1
| #define SIZEOF_LONG 8
| /* end confdefs.h.  */
| #include <sys/ptrace.h>
|                #include <sys/time.h>
|                #include <sys/user.h>
| 
| int
| main ()
| {
| if (sizeof ((struct user_regs_struct)))
| 	    return 0;
|   ;
|   return 0;
| }
configure:7306: result: yes
configure:7324: checking gcc option for 32-bit word size
configure:7337: gcc -m32 -c -D_FORTIFY_SOURCE=2 -g -O2  conftest.c >&5
configure:7337: $? = 0
configure:7345: result: -m32
configure:7349: checking for 64-bit host
configure:7370: result: yes
configure:7397: checking whether gcc -m32 makes executables we can run
configure:7418: gcc -m32 -o conftest -D_FORTIFY_SOURCE=2 -g -O2   conftest.c  >&5
/usr/bin/ld: cannot find crt1.o: No such file or directory
/usr/bin/ld: cannot find crti.o: No such file or directory
/usr/bin/ld: skipping incompatible /usr/lib/gcc/x86_64-linux-gnu/5/libgcc.a when searching for -lgcc
/usr/bin/ld: cannot find -lgcc
/usr/bin/ld: skipping incompatible /usr/lib/gcc/x86_64-linux-gnu/5/libgcc_s.so when searching for -lgcc_s
/usr/bin/ld: cannot find -lgcc_s
/usr/bin/ld: cannot find -lc
/usr/bin/ld: skipping incompatible /usr/lib/gcc/x86_64-linux-gnu/5/libgcc.a when searching for -lgcc
/usr/bin/ld: cannot find -lgcc
/usr/bin/ld: skipping incompatible /usr/lib/gcc/x86_64-linux-gnu/5/libgcc_s.so when searching for -lgcc_s
/usr/bin/ld: cannot find -lgcc_s
/usr/bin/ld: cannot find crtn.o: No such file or directory
collect2: error: ld returned 1 exit status
configure:7418: $? = 1
configure: program exited with status 1
configure: failed program was:
| /* confdefs.h */
| #define PACKAGE_NAME "elfutils"
| #define PACKAGE_TARNAME "elfutils"
| #define PACKAGE_VERSION "0.176"
| #define PACKAGE_STRING "elfutils 0.176"
| #define PACKAGE_BUGREPORT "https://sourceware.org/bugzilla"
| #define PACKAGE_URL "http://elfutils.org/"
| #define PACKAGE "elfutils"
| #define VERSION "0.176"
| #define DEFAULT_AR_DETERMINISTIC false
| #define HAVE_VISIBILITY 1
| #define HAVE_GCC_STRUCT 1
| #define CHECK_UNDEFINED 0
| #define LIBEBL_SUBDIR "elfutils"
| #define USE_ZLIB 1
| #define HAVE_DECL_MEMRCHR 1
| #define HAVE_DECL_RAWMEMCHR 1
| #define HAVE_DECL_POWEROF2 1
| #define HAVE_DECL_MEMPCPY 1
| #define HAVE_PROCESS_VM_READV 1
| #define USE_DEMANGLE 1
| #define MODVERSION "Build for elfutils 176 x86_64-pc-linux-gnu"
| #define STDC_HEADERS 1
| #define HAVE_SYS_TYPES_H 1
| #define HAVE_SYS_STAT_H 1
| #define HAVE_STDLIB_H 1
| #define HAVE_STRING_H 1
| #define HAVE_MEMORY_H 1
| #define HAVE_STRINGS_H 1
| #define HAVE_INTTYPES_H 1
| #define HAVE_STDINT_H 1
| #define HAVE_UNISTD_H 1
| #define SIZEOF_LONG 8
| #define HAVE_SYS_USER_REGS 1
| /* end confdefs.h.  */
| 
| int
| main ()
| {
| 
|   ;
|   return 0;
| }
configure:7429: result: no
configure:7435: WARNING: not running biarch tests, gcc -m32 does not work
configure:7586: checking for bunzip2
configure:7602: found /bin/bunzip2
configure:7614: result: yes
configure:7736: checking that generated files are newer than configure
configure:7742: result: done
configure:7853: creating ./config.status
configure:9348:
=====================================================================
        elfutils: 0.176 (eu_version: 176)
=====================================================================

    Prefix                             : /usr/local
    Program prefix ("eu-" recommended) : eu-
    Source code location               : .
    Maintainer mode                    : 
    libebl modules subdirectory        : elfutils
    build arch                         : x86_64-pc-linux-gnu

  RECOMMENDED FEATURES (should all be yes)
    gzip support                       : yes
    bzip2 support                      : no
    lzma/xz support                    : no
    libstdc++ demangle support         : yes
    File textrel check                 : yes
    Symbol versioning                  : yes

  NOT RECOMMENDED FEATURES (should all be no)
    Experimental thread safety         : no
    install elf.h                      : no

  OTHER FEATURES
    Deterministic archives by default  : false
    Native language support            : yes

  EXTRA TEST FEATURES (used with make check)
    have bunzip2 installed (required)  : yes
    debug branch prediction            : no
    gprof support                      : no
    gcov support                       : no
    run all tests under valgrind       : no
    gcc undefined behaviour sanitizer  : no
    use rpath in tests                 : no
    test biarch                        : no


## ---------------- ##
## Cache variables. ##
## ---------------- ##

ac_cv_bad_fts=no
ac_cv_build=x86_64-pc-linux-gnu
ac_cv_c99=yes
ac_cv_c_compiler_gnu=yes
ac_cv_duplicated_cond=no
ac_cv_env_CC_set=
ac_cv_env_CC_value=
ac_cv_env_CFLAGS_set=
ac_cv_env_CFLAGS_value=
ac_cv_env_CPPFLAGS_set=
ac_cv_env_CPPFLAGS_value=
ac_cv_env_CPP_set=
ac_cv_env_CPP_value=
ac_cv_env_LDFLAGS_set=
ac_cv_env_LDFLAGS_value=
ac_cv_env_LIBS_set=
ac_cv_env_LIBS_value=
ac_cv_env_YACC_set=
ac_cv_env_YACC_value=
ac_cv_env_YFLAGS_set=
ac_cv_env_YFLAGS_value=
ac_cv_env_build_alias_set=
ac_cv_env_build_alias_value=
ac_cv_env_host_alias_set=
ac_cv_env_host_alias_value=
ac_cv_env_target_alias_set=
ac_cv_env_target_alias_value=
ac_cv_fpic=yes
ac_cv_fpie=yes
ac_cv_func_process_vm_readv=yes
ac_cv_gcc_struct=yes
ac_cv_have_decl_mempcpy=yes
ac_cv_have_decl_memrchr=yes
ac_cv_have_decl_powerof2=yes
ac_cv_have_decl_rawmemchr=yes
ac_cv_header_inttypes_h=yes
ac_cv_header_memory_h=yes
ac_cv_header_stdc=yes
ac_cv_header_stdint_h=yes
ac_cv_header_stdlib_h=yes
ac_cv_header_string_h=yes
ac_cv_header_strings_h=yes
ac_cv_header_sys_stat_h=yes
ac_cv_header_sys_types_h=yes
ac_cv_header_unistd_h=yes
ac_cv_host=x86_64-pc-linux-gnu
ac_cv_implicit_fallthrough=no
ac_cv_lib_stdcpp___cxa_demangle=yes
ac_cv_logical_op=yes
ac_cv_null_dereference=no
ac_cv_objext=o
ac_cv_path_EGREP='/bin/grep -E'
ac_cv_path_GMSGFMT=/usr/bin/msgfmt
ac_cv_path_GREP=/bin/grep
ac_cv_path_MSGFMT=/usr/bin/msgfmt
ac_cv_path_MSGMERGE=/usr/bin/msgmerge
ac_cv_path_XGETTEXT=/usr/bin/xgettext
ac_cv_path_install='/usr/bin/install -c'
ac_cv_path_mkdir=/bin/mkdir
ac_cv_prog_AWK=mawk
ac_cv_prog_CPP='gcc -E'
ac_cv_prog_HAVE_BUNZIP2=yes
ac_cv_prog_ac_ct_AR=ar
ac_cv_prog_ac_ct_CC=gcc
ac_cv_prog_ac_ct_NM=nm
ac_cv_prog_ac_ct_RANLIB=ranlib
ac_cv_prog_ac_ct_READELF=readelf
ac_cv_prog_cc_c89=
ac_cv_prog_cc_g=yes
ac_cv_prog_make_make_set=yes
ac_cv_search_BZ2_bzdopen=no
ac_cv_search_gzdirect=-lz
ac_cv_search_lzma_auto_decoder=no
ac_cv_sizeof_long=8
ac_cv_stack_usage=yes
ac_cv_symbol_versioning=yes
ac_cv_sys_file_offset_bits=no
ac_cv_sys_largefile_CC=no
ac_cv_tls=yes
ac_cv_type_struct_user_regs_struct=yes
ac_cv_visibility=yes
ac_cv_zdefs=yes
ac_cv_zrelro=yes
am_cv_CC_dependencies_compiler_type=gcc3
am_cv_ar_interface=ar
am_cv_make_support_nested_variables=yes
am_cv_prog_cc_c_o=yes
utrace_cv_CC_m32=-m32
utrace_cv_cc_biarch=no
utrace_cv_host64=yes

## ----------------- ##
## Output variables. ##
## ----------------- ##

ACLOCAL='${SHELL} /root/elfutils4sgx/elfutils-0.176/config/missing aclocal-1.15'
ADD_STACK_USAGE_WARNING_FALSE='#'
ADD_STACK_USAGE_WARNING_TRUE=''
AMDEPBACKSLASH='\'
AMDEP_FALSE='#'
AMDEP_TRUE=''
AMTAR='$${TAR-tar}'
AM_BACKSLASH='\'
AM_DEFAULT_V='$(AM_DEFAULT_VERBOSITY)'
AM_DEFAULT_VERBOSITY='0'
AM_V='$(V)'
AR='ar'
AUTOCONF='${SHELL} /root/elfutils4sgx/elfutils-0.176/config/missing autoconf'
AUTOHEADER='${SHELL} /root/elfutils4sgx/elfutils-0.176/config/missing autoheader'
AUTOMAKE='${SHELL} /root/elfutils4sgx/elfutils-0.176/config/missing automake-1.15'
AWK='mawk'
BIARCH_FALSE=''
BIARCH_TRUE='#'
BUILD_STATIC_FALSE=''
BUILD_STATIC_TRUE='#'
BZ2_LIB=''
BZLIB_FALSE=''
BZLIB_TRUE='#'
CC='gcc'
CCDEPMODE='depmode=gcc3'
CC_BIARCH='gcc -m32'
CFLAGS='-D_FORTIFY_SOURCE=2 -g -O2'
CPP='gcc -E'
CPPFLAGS=''
CYGPATH_W='echo'
DEBUGPRED='0'
DEFS='-DHAVE_CONFIG_H'
DEMANGLE_FALSE='#'
DEMANGLE_TRUE=''
DEPDIR='.deps'
ECHO_C=''
ECHO_N='-n'
ECHO_T=''
EGREP='/bin/grep -E'
EXEEXT=''
FATAL_TEXTREL_FALSE='#'
FATAL_TEXTREL_TRUE=''
GCOV_FALSE=''
GCOV_TRUE='#'
GETTEXT_MACRO_VERSION='0.18'
GMSGFMT='/usr/bin/msgfmt'
GMSGFMT_015='/usr/bin/msgfmt'
GPROF_FALSE=''
GPROF_TRUE='#'
GREP='/bin/grep'
HAVE_BISON=''
HAVE_BUNZIP2='yes'
HAVE_DUPLICATED_COND_WARNING_FALSE=''
HAVE_DUPLICATED_COND_WARNING_TRUE='#'
HAVE_FLEX=''
HAVE_GAWK=''
HAVE_IMPLICIT_FALLTHROUGH_WARNING_FALSE=''
HAVE_IMPLICIT_FALLTHROUGH_WARNING_TRUE='#'
HAVE_LIBASM_FALSE='#'
HAVE_LIBASM_TRUE=''
HAVE_NULL_DEREFERENCE_WARNING_FALSE=''
HAVE_NULL_DEREFERENCE_WARNING_TRUE='#'
HAVE_VALGRIND=''
INSTALL_DATA='${INSTALL} -m 644'
INSTALL_ELFH_FALSE=''
INSTALL_ELFH_TRUE='#'
INSTALL_PROGRAM='${INSTALL}'
INSTALL_SCRIPT='${INSTALL}'
INSTALL_STRIP_PROGRAM='$(install_sh) -c -s'
LDFLAGS=''
LEX='${SHELL} /root/elfutils4sgx/elfutils-0.176/config/missing flex'
LEXLIB=''
LEX_OUTPUT_ROOT=''
LIBEBL_SUBDIR='elfutils'
LIBLZMA=''
LIBOBJS=''
LIBS=''
LTLIBOBJS=''
LZMA_FALSE=''
LZMA_TRUE='#'
MAINT='#'
MAINTAINER_MODE_FALSE=''
MAINTAINER_MODE_TRUE='#'
MAKEINFO='${SHELL} /root/elfutils4sgx/elfutils-0.176/config/missing makeinfo'
MKDIR_P='/bin/mkdir -p'
MODVERSION='Build for elfutils 176 x86_64-pc-linux-gnu'
MSGFMT='/usr/bin/msgfmt'
MSGFMT_015='/usr/bin/msgfmt'
MSGMERGE='/usr/bin/msgmerge'
NM='nm'
OBJEXT='o'
PACKAGE='elfutils'
PACKAGE_BUGREPORT='https://sourceware.org/bugzilla'
PACKAGE_NAME='elfutils'
PACKAGE_STRING='elfutils 0.176'
PACKAGE_TARNAME='elfutils'
PACKAGE_URL='http://elfutils.org/'
PACKAGE_VERSION='0.176'
PATH_SEPARATOR=':'
RANLIB='ranlib'
READELF='readelf'
SANE_LOGICAL_OP_WARNING_FALSE='#'
SANE_LOGICAL_OP_WARNING_TRUE=''
SET_MAKE=''
SHELL='/bin/bash'
STANDALONE_FALSE=''
STANDALONE_TRUE='#'
STRIP=''
SYMBOL_VERSIONING_FALSE='#'
SYMBOL_VERSIONING_TRUE=''
TESTS_RPATH_FALSE=''
TESTS_RPATH_TRUE='#'
USE_LOCKS_FALSE=''
USE_LOCKS_TRUE='#'
USE_NLS='yes'
USE_VALGRIND_FALSE=''
USE_VALGRIND_TRUE='#'
VERSION='0.176'
XGETTEXT='/usr/bin/xgettext'
XGETTEXT_015='/usr/bin/xgettext'
XGETTEXT_EXTRA_OPTIONS=''
YACC='yacc'
YFLAGS=''
ZLIB_FALSE='#'
ZLIB_TRUE=''
ac_ct_AR='ar'
ac_ct_CC='gcc'
am__EXEEXT_FALSE=''
am__EXEEXT_TRUE='#'
am__fastdepCC_FALSE='#'
am__fastdepCC_TRUE=''
am__include='include'
am__isrc=''
am__leading_dot='.'
am__nodep='_no'
am__quote=''
am__tar='$${TAR-tar} chof - "$$tardir"'
am__untar='$${TAR-tar} xf -'
argp_LDADD=''
bindir='${exec_prefix}/bin'
build='x86_64-pc-linux-gnu'
build_alias=''
build_cpu='x86_64'
build_os='linux-gnu'
build_vendor='pc'
datadir='${datarootdir}'
datarootdir='${prefix}/share'
docdir='${datarootdir}/doc/${PACKAGE_TARNAME}'
dso_LDFLAGS='-shared -Wl,-z,defs -Wl,-z,relro'
dvidir='${docdir}'
eu_version='176'
exec_prefix='${prefix}'
fpic_CFLAGS='-fPIC'
fpie_CFLAGS='-fPIE'
host='x86_64-pc-linux-gnu'
host_alias=''
host_cpu='x86_64'
host_os='linux-gnu'
host_vendor='pc'
htmldir='${docdir}'
includedir='${prefix}/include'
infodir='${datarootdir}/info'
install_sh='${SHELL} /root/elfutils4sgx/elfutils-0.176/config/install-sh'
libdir='${exec_prefix}/lib'
libexecdir='${exec_prefix}/libexec'
localedir='${datarootdir}/locale'
localstatedir='${prefix}/var'
mandir='${datarootdir}/man'
mkdir_p='$(MKDIR_P)'
oldincludedir='/usr/include'
pdfdir='${docdir}'
prefix='/usr/local'
program_transform_name='s&^&eu-&'
psdir='${docdir}'
runstatedir='${localstatedir}/run'
sbindir='${exec_prefix}/sbin'
sharedstatedir='${prefix}/com'
sysconfdir='${prefix}/etc'
target_alias=''
zip_LIBS=''

## ----------- ##
## confdefs.h. ##
## ----------- ##

/* confdefs.h */
#define PACKAGE_NAME "elfutils"
#define PACKAGE_TARNAME "elfutils"
#define PACKAGE_VERSION "0.176"
#define PACKAGE_STRING "elfutils 0.176"
#define PACKAGE_BUGREPORT "https://sourceware.org/bugzilla"
#define PACKAGE_URL "http://elfutils.org/"
#define PACKAGE "elfutils"
#define VERSION "0.176"
#define DEFAULT_AR_DETERMINISTIC false
#define HAVE_VISIBILITY 1
#define HAVE_GCC_STRUCT 1
#define CHECK_UNDEFINED 0
#define LIBEBL_SUBDIR "elfutils"
#define USE_ZLIB 1
#define HAVE_DECL_MEMRCHR 1
#define HAVE_DECL_RAWMEMCHR 1
#define HAVE_DECL_POWEROF2 1
#define HAVE_DECL_MEMPCPY 1
#define HAVE_PROCESS_VM_READV 1
#define USE_DEMANGLE 1
#define MODVERSION "Build for elfutils 176 x86_64-pc-linux-gnu"
#define STDC_HEADERS 1
#define HAVE_SYS_TYPES_H 1
#define HAVE_SYS_STAT_H 1
#define HAVE_STDLIB_H 1
#define HAVE_STRING_H 1
#define HAVE_MEMORY_H 1
#define HAVE_STRINGS_H 1
#define HAVE_INTTYPES_H 1
#define HAVE_STDINT_H 1
#define HAVE_UNISTD_H 1
#define SIZEOF_LONG 8
#define HAVE_SYS_USER_REGS 1

configure: exit 0

## ---------------------- ##
## Running config.status. ##
## ---------------------- ##

This file was extended by elfutils config.status 0.176, which was
generated by GNU Autoconf 2.69.  Invocation command line was

  CONFIG_FILES    = 
  CONFIG_HEADERS  = 
  CONFIG_LINKS    = 
  CONFIG_COMMANDS = 
  $ ./config.status 

on vca_node_00

config.status:985: creating config/Makefile
config.status:985: creating Makefile
config.status:985: creating m4/Makefile
config.status:985: creating elfutils.spec
config.status:985: creating lib/Makefile
config.status:985: creating libelf/Makefile
config.status:985: creating libebl/Makefile
config.status:985: creating libdwelf/Makefile
config.status:985: creating libdw/Makefile
config.status:985: creating libdwfl/Makefile
config.status:985: creating libcpu/Makefile
config.status:985: creating libasm/Makefile
config.status:985: creating backends/Makefile
config.status:985: creating src/Makefile
config.status:985: creating po/Makefile.in
config.status:985: creating tests/Makefile
config.status:985: creating config/libelf.pc
config.status:985: creating config/libdw.pc
config.status:985: creating version.h
config.status:985: creating config.h
config.status:1214: executing depfiles commands
config.status:1214: executing po-directories commands
